/usr/bin/ld: warning: /usr/lib/gcc/x86_64-linux-gnu/7/libstdc++.so: unsupported GNU_PROPERTY_TYPE (5) type: 0xc0010001
/usr/bin/ld: warning: /usr/lib/gcc/x86_64-linux-gnu/7/libstdc++.so: unsupported GNU_PROPERTY_TYPE (5) type: 0xc0010002
/usr/bin/ld: warning: /usr/lib/gcc/x86_64-linux-gnu/7/libstdc++.so: unsupported GNU_PROPERTY_TYPE (5) type: 0xc0010001
/usr/bin/ld: warning: /usr/lib/gcc/x86_64-linux-gnu/7/libstdc++.so: unsupported GNU_PROPERTY_TYPE (5) type: 0xc0010002
/usr/bin/ld: warning: /usr/lib/gcc/x86_64-linux-gnu/7/libstdc++.so: unsupported GNU_PROPERTY_TYPE (5) type: 0xc0010001
/usr/bin/ld: warning: /usr/lib/gcc/x86_64-linux-gnu/7/libstdc++.so: unsupported GNU_PROPERTY_TYPE (5) type: 0xc0010002
In file included from [01m[K/home/rrqq/towr_workspace/src/towr/towr_ros/src/towr_user_interface.cc:30:0[m[K:
[01m[K/home/rrqq/towr_workspace/src/towr/towr_ros/include/towr_ros/towr_user_interface.h:[m[K In member function ‘[01m[Kvoid towr::GoalPublusher::SetTerrainParamsToCSV(int, double, double, double, double, double, double, double, double, double, double, double)[m[K’:
[01m[K/home/rrqq/towr_workspace/src/towr/towr_ros/include/towr_ros/towr_user_interface.h:92:61:[m[K [01;35m[Kwarning: [m[Ktoo many arguments for format [[01;35m[K-Wformat-extra-args[m[K]
                          down_start, down_height, down_width[01;35m[K)[m[K;
                                                             [01;35m[K^[m[K
/usr/bin/ld: warning: /usr/lib/gcc/x86_64-linux-gnu/7/libstdc++.so: unsupported GNU_PROPERTY_TYPE (5) type: 0xc0010001
/usr/bin/ld: warning: /usr/lib/gcc/x86_64-linux-gnu/7/libstdc++.so: unsupported GNU_PROPERTY_TYPE (5) type: 0xc0010002
[01m[K/home/rrqq/towr_workspace/src/towr/towr_ros/src/towr_user_interface.cc:[m[K In function ‘[01m[Kvoid towr::SampleTerrainParameters(int&)[m[K’:
[01m[K/home/rrqq/towr_workspace/src/towr/towr_ros/src/towr_user_interface.cc:400:14:[m[K [01;31m[Kerror: [m[K‘[01m[KDownStepID[m[K’ was not declared in this scope
         case [01;31m[KDownStepID[m[K:
              [01;31m[K^~~~~~~~~~[m[K
[01m[K/home/rrqq/towr_workspace/src/towr/towr_ros/src/towr_user_interface.cc:400:14:[m[K [01;36m[Knote: [m[Ksuggested alternative: ‘[01m[KDownStep[m[K’
         case [01;36m[KDownStepID[m[K:
              [01;36m[K^~~~~~~~~~[m[K
              [32m[KDownStep[m[K
[01m[K/home/rrqq/towr_workspace/src/towr/towr_ros/src/towr_user_interface.cc:[m[K In function ‘[01m[Kvoid towr::SampleGoalParameters(towr::HeightMap::TerrainID, double&, double&, double&, double&, double&, double&)[m[K’:
[01m[K/home/rrqq/towr_workspace/src/towr/towr_ros/src/towr_user_interface.cc:530:14:[m[K [01;31m[Kerror: [m[K‘[01m[KDownStepID[m[K’ was not declared in this scope
         case [01;31m[KDownStepID[m[K: {
              [01;31m[K^~~~~~~~~~[m[K
[01m[K/home/rrqq/towr_workspace/src/towr/towr_ros/src/towr_user_interface.cc:530:14:[m[K [01;36m[Knote: [m[Ksuggested alternative: ‘[01m[KDownStep[m[K’
         case [01;36m[KDownStepID[m[K: {
              [01;36m[K^~~~~~~~~~[m[K
              [32m[KDownStep[m[K
make[2]: *** [CMakeFiles/towr_user_interface.dir/src/towr_user_interface.cc.o] Error 1
make[1]: *** [CMakeFiles/towr_user_interface.dir/all] Error 2
make[1]: *** Waiting for unfinished jobs....
/usr/bin/ld: warning: /usr/lib/gcc/x86_64-linux-gnu/7/libstdc++.so: unsupported GNU_PROPERTY_TYPE (5) type: 0xc0010001
/usr/bin/ld: warning: /usr/lib/gcc/x86_64-linux-gnu/7/libstdc++.so: unsupported GNU_PROPERTY_TYPE (5) type: 0xc0010002
/usr/bin/ld: warning: /usr/lib/gcc/x86_64-linux-gnu/7/libstdc++.so: unsupported GNU_PROPERTY_TYPE (5) type: 0xc0010001
/usr/bin/ld: warning: /usr/lib/gcc/x86_64-linux-gnu/7/libstdc++.so: unsupported GNU_PROPERTY_TYPE (5) type: 0xc0010002
make: *** [all] Error 2
