/usr/bin/ld: warning: /usr/lib/gcc/x86_64-linux-gnu/7/libstdc++.so: unsupported GNU_PROPERTY_TYPE (5) type: 0xc0010001
/usr/bin/ld: warning: /usr/lib/gcc/x86_64-linux-gnu/7/libstdc++.so: unsupported GNU_PROPERTY_TYPE (5) type: 0xc0010002
CMakeFiles/towr_user_interface.dir/src/towr_user_interface.cc.o: In function `towr::TowrUserInterface::PublishCommand()':
towr_user_interface.cc:(.text+0x1759): undefined reference to `goal_q_w'
towr_user_interface.cc:(.text+0x1761): undefined reference to `goal_q_z'
towr_user_interface.cc:(.text+0x1769): undefined reference to `goal_q_y'
towr_user_interface.cc:(.text+0x1771): undefined reference to `goal_q_x'
towr_user_interface.cc:(.text+0x1779): undefined reference to `goal_pos_z'
towr_user_interface.cc:(.text+0x1781): undefined reference to `goal_pos_y'
towr_user_interface.cc:(.text+0x1788): undefined reference to `goal_pos_x'
CMakeFiles/towr_user_interface.dir/src/towr_user_interface.cc.o: In function `main':
towr_user_interface.cc:(.text+0x19d3): undefined reference to `goal_q_w'
towr_user_interface.cc:(.text+0x19db): undefined reference to `goal_q_z'
towr_user_interface.cc:(.text+0x19e3): undefined reference to `goal_q_y'
towr_user_interface.cc:(.text+0x19eb): undefined reference to `goal_q_x'
towr_user_interface.cc:(.text+0x19f3): undefined reference to `goal_pos_z'
towr_user_interface.cc:(.text+0x19fb): undefined reference to `goal_pos_y'
towr_user_interface.cc:(.text+0x1a02): undefined reference to `goal_pos_x'
collect2: error: ld returned 1 exit status
make[2]: *** [/home/rrqq/towr_workspace/devel/.private/towr_ros/lib/towr_ros/towr_user_interface] Error 1
make[1]: *** [CMakeFiles/towr_user_interface.dir/all] Error 2
make[1]: *** Waiting for unfinished jobs....
/usr/bin/ld: warning: /usr/lib/gcc/x86_64-linux-gnu/7/libstdc++.so: unsupported GNU_PROPERTY_TYPE (5) type: 0xc0010001
/usr/bin/ld: warning: /usr/lib/gcc/x86_64-linux-gnu/7/libstdc++.so: unsupported GNU_PROPERTY_TYPE (5) type: 0xc0010002
/usr/bin/ld: warning: /usr/lib/gcc/x86_64-linux-gnu/7/libstdc++.so: unsupported GNU_PROPERTY_TYPE (5) type: 0xc0010001
/usr/bin/ld: warning: /usr/lib/gcc/x86_64-linux-gnu/7/libstdc++.so: unsupported GNU_PROPERTY_TYPE (5) type: 0xc0010002
make: *** [all] Error 2
