/usr/bin/ld: warning: /usr/lib/gcc/x86_64-linux-gnu/7/libstdc++.so: unsupported GNU_PROPERTY_TYPE (5) type: 0xc0010001
/usr/bin/ld: warning: /usr/lib/gcc/x86_64-linux-gnu/7/libstdc++.so: unsupported GNU_PROPERTY_TYPE (5) type: 0xc0010002
/usr/bin/ld: warning: /usr/lib/gcc/x86_64-linux-gnu/7/libstdc++.so: unsupported GNU_PROPERTY_TYPE (5) type: 0xc0010001
/usr/bin/ld: warning: /usr/lib/gcc/x86_64-linux-gnu/7/libstdc++.so: unsupported GNU_PROPERTY_TYPE (5) type: 0xc0010002
/usr/bin/ld: warning: /usr/lib/gcc/x86_64-linux-gnu/7/libstdc++.so: unsupported GNU_PROPERTY_TYPE (5) type: 0xc0010001
/usr/bin/ld: warning: /usr/lib/gcc/x86_64-linux-gnu/7/libstdc++.so: unsupported GNU_PROPERTY_TYPE (5) type: 0xc0010002
[01m[K/home/rrqq/towr_workspace/src/towr/towr_ros/src/towr_user_interface.cc:[m[K In function ‘[01m[Kint main(int, char**)[m[K’:
[01m[K/home/rrqq/towr_workspace/src/towr/towr_ros/src/towr_user_interface.cc:425:39:[m[K [01;31m[Kerror: [m[K‘[01m[KHeightMap[m[K’ does not name a type
         auto terrain_id = static_cast<[01;31m[KHeightMap[m[K::TerrainID>(terrain);
                                       [01;31m[K^~~~~~~~~[m[K
[01m[K/home/rrqq/towr_workspace/src/towr/towr_ros/src/towr_user_interface.cc:425:48:[m[K [01;31m[Kerror: [m[Kexpected ‘[01m[K>[m[K’ before ‘[01m[K::[m[K’ token
         auto terrain_id = static_cast<HeightMap[01;31m[K::[m[KTerrainID>(terrain);
                                                [01;31m[K^~[m[K
[01m[K/home/rrqq/towr_workspace/src/towr/towr_ros/src/towr_user_interface.cc:425:48:[m[K [01;31m[Kerror: [m[Kexpected ‘[01m[K([m[K’ before ‘[01m[K::[m[K’ token
[01m[K/home/rrqq/towr_workspace/src/towr/towr_ros/src/towr_user_interface.cc:425:50:[m[K [01;31m[Kerror: [m[K‘[01m[K::TerrainID[m[K’ has not been declared
         auto terrain_id = static_cast<HeightMap::[01;31m[KTerrainID[m[K>(terrain);
                                                  [01;31m[K^~~~~~~~~[m[K
[01m[K/home/rrqq/towr_workspace/src/towr/towr_ros/src/towr_user_interface.cc:425:50:[m[K [01;36m[Knote: [m[Ksuggested alternative: ‘[01m[Kterrain[m[K’
         auto terrain_id = static_cast<HeightMap::[01;36m[KTerrainID[m[K>(terrain);
                                                  [01;36m[K^~~~~~~~~[m[K
                                                  [32m[Kterrain[m[K
[01m[K/home/rrqq/towr_workspace/src/towr/towr_ros/src/towr_user_interface.cc:425:69:[m[K [01;31m[Kerror: [m[Kexpected ‘[01m[K)[m[K’ before ‘[01m[K;[m[K’ token
         auto terrain_id = static_cast<HeightMap::TerrainID>(terrain)[01;31m[K;[m[K
                                                                     [01;31m[K^[m[K
[01m[K/home/rrqq/towr_workspace/src/towr/towr_ros/src/towr_user_interface.cc:426:24:[m[K [01;31m[Kerror: [m[K‘[01m[KHeightMap[m[K’ has not been declared
         auto Terrain = [01;31m[KHeightMap[m[K::MakeTerrain(terrain_id);
                        [01;31m[K^~~~~~~~~[m[K
[01m[K/home/rrqq/towr_workspace/src/towr/towr_ros/src/towr_user_interface.cc:445:39:[m[K [01;31m[Kerror: [m[Kno matching function for call to ‘[01m[Ktowr::TowrUserInterface::PublishCommand()[m[K’
         user_interface.PublishCommand([01;31m[K)[m[K;
                                       [01;31m[K^[m[K
[01m[K/home/rrqq/towr_workspace/src/towr/towr_ros/src/towr_user_interface.cc:310:6:[m[K [01;36m[Knote: [m[Kcandidate: void towr::TowrUserInterface::PublishCommand(int)
 void [01;36m[KTowrUserInterface[m[K::PublishCommand(int time_step)
      [01;36m[K^~~~~~~~~~~~~~~~~[m[K
[01m[K/home/rrqq/towr_workspace/src/towr/towr_ros/src/towr_user_interface.cc:310:6:[m[K [01;36m[Knote: [m[K  candidate expects 1 argument, 0 provided
make[2]: *** [CMakeFiles/towr_user_interface.dir/src/towr_user_interface.cc.o] Error 1
make[1]: *** [CMakeFiles/towr_user_interface.dir/all] Error 2
make: *** [all] Error 2
