[01m[K/home/rrqq/towr_workspace/src/towr/towr_ros/src/towr_user_interface.cc:[m[K In member function ‘[01m[Kvoid towr::TowrUserInterface::PublishCommand()[m[K’:
[01m[K/home/rrqq/towr_workspace/src/towr/towr_ros/src/towr_user_interface.cc:326:72:[m[K [01;31m[Kerror: [m[K‘[01m[Ktowr_ros::TowrCommand_<std::allocator<void> >::_goal_ang_type {aka struct xpp_msgs::StateLin3d_<std::allocator<void> >}[m[K’ has no member named ‘[01m[Kz[m[K’
     Eigen::Quaterniond q = xpp::GetQuaternionFromEulerZYX(msg.goal_ang.[01;31m[Kz[m[K, msg.goal_ang.y, msg.goal_ang.x);
                                                                        [01;31m[K^[m[K
[01m[K/home/rrqq/towr_workspace/src/towr/towr_ros/src/towr_user_interface.cc:326:88:[m[K [01;31m[Kerror: [m[K‘[01m[Ktowr_ros::TowrCommand_<std::allocator<void> >::_goal_ang_type {aka struct xpp_msgs::StateLin3d_<std::allocator<void> >}[m[K’ has no member named ‘[01m[Ky[m[K’
     Eigen::Quaterniond q = xpp::GetQuaternionFromEulerZYX(msg.goal_ang.z, msg.goal_ang.[01;31m[Ky[m[K, msg.goal_ang.x);
                                                                                        [01;31m[K^[m[K
[01m[K/home/rrqq/towr_workspace/src/towr/towr_ros/src/towr_user_interface.cc:326:104:[m[K [01;31m[Kerror: [m[K‘[01m[Ktowr_ros::TowrCommand_<std::allocator<void> >::_goal_ang_type {aka struct xpp_msgs::StateLin3d_<std::allocator<void> >}[m[K’ has no member named ‘[01m[Kx[m[K’
     Eigen::Quaterniond q = xpp::GetQuaternionFromEulerZYX(msg.goal_ang.z, msg.goal_ang.y, msg.goal_ang.[01;31m[Kx[m[K);
                                                                                                        [01;31m[K^[m[K
[01m[K/home/rrqq/towr_workspace/src/towr/towr_ros/src/towr_user_interface.cc:329:47:[m[K [01;31m[Kerror: [m[K‘[01m[Ktowr_ros::TowrCommand_<std::allocator<void> >::_goal_lin_type {aka struct xpp_msgs::StateLin3d_<std::allocator<void> >}[m[K’ has no member named ‘[01m[Kx[m[K’
     towr::goal_publisher.SetGoal(msg.goal_lin.[01;31m[Kx[m[K, msg.goal_lin.y, msg.terrain_->GetHeight(msg.goal_lin.x, msg.goal_lin.y),
                                               [01;31m[K^[m[K
[01m[K/home/rrqq/towr_workspace/src/towr/towr_ros/src/towr_user_interface.cc:329:63:[m[K [01;31m[Kerror: [m[K‘[01m[Ktowr_ros::TowrCommand_<std::allocator<void> >::_goal_lin_type {aka struct xpp_msgs::StateLin3d_<std::allocator<void> >}[m[K’ has no member named ‘[01m[Ky[m[K’
     towr::goal_publisher.SetGoal(msg.goal_lin.x, msg.goal_lin.[01;31m[Ky[m[K, msg.terrain_->GetHeight(msg.goal_lin.x, msg.goal_lin.y),
                                                               [01;31m[K^[m[K
[01m[K/home/rrqq/towr_workspace/src/towr/towr_ros/src/towr_user_interface.cc:329:70:[m[K [01;31m[Kerror: [m[K‘[01m[Ktowr_ros::TowrCommand {aka struct towr_ros::TowrCommand_<std::allocator<void> >}[m[K’ has no member named ‘[01m[Kterrain_[m[K’; did you mean ‘[01m[Kterrain[m[K’?
     towr::goal_publisher.SetGoal(msg.goal_lin.x, msg.goal_lin.y, msg.[01;31m[Kterrain_[m[K->GetHeight(msg.goal_lin.x, msg.goal_lin.y),
                                                                      [01;31m[K^~~~~~~~[m[K
                                                                      [32m[Kterrain[m[K
[01m[K/home/rrqq/towr_workspace/src/towr/towr_ros/src/towr_user_interface.cc:329:103:[m[K [01;31m[Kerror: [m[K‘[01m[Ktowr_ros::TowrCommand_<std::allocator<void> >::_goal_lin_type {aka struct xpp_msgs::StateLin3d_<std::allocator<void> >}[m[K’ has no member named ‘[01m[Kx[m[K’
     towr::goal_publisher.SetGoal(msg.goal_lin.x, msg.goal_lin.y, msg.terrain_->GetHeight(msg.goal_lin.[01;31m[Kx[m[K, msg.goal_lin.y),
                                                                                                       [01;31m[K^[m[K
[01m[K/home/rrqq/towr_workspace/src/towr/towr_ros/src/towr_user_interface.cc:329:119:[m[K [01;31m[Kerror: [m[K‘[01m[Ktowr_ros::TowrCommand_<std::allocator<void> >::_goal_lin_type {aka struct xpp_msgs::StateLin3d_<std::allocator<void> >}[m[K’ has no member named ‘[01m[Ky[m[K’
     towr::goal_publisher.SetGoal(msg.goal_lin.x, msg.goal_lin.y, msg.terrain_->GetHeight(msg.goal_lin.x, msg.goal_lin.[01;31m[Ky[m[K),
                                                                                                                       [01;31m[K^[m[K
make[2]: *** [CMakeFiles/towr_user_interface.dir/src/towr_user_interface.cc.o] Error 1
make[1]: *** [CMakeFiles/towr_user_interface.dir/all] Error 2
make: *** [all] Error 2
