CMakeFiles/towr_ros.dir/src/towr_ros_interface.cc.o:(.data+0x0): multiple definition of `goal_pos_x'
CMakeFiles/towr_ros.dir/src/goal_pose_publisher.cc.o:(.data+0x0): first defined here
CMakeFiles/towr_ros.dir/src/towr_ros_interface.cc.o:(.bss+0x0): multiple definition of `goal_pos_y'
CMakeFiles/towr_ros.dir/src/goal_pose_publisher.cc.o:(.bss+0x0): first defined here
CMakeFiles/towr_ros.dir/src/towr_ros_interface.cc.o:(.bss+0x8): multiple definition of `goal_pos_z'
CMakeFiles/towr_ros.dir/src/goal_pose_publisher.cc.o:(.bss+0x8): first defined here
CMakeFiles/towr_ros.dir/src/towr_ros_interface.cc.o:(.bss+0x10): multiple definition of `goal_q_x'
CMakeFiles/towr_ros.dir/src/goal_pose_publisher.cc.o:(.bss+0x10): first defined here
CMakeFiles/towr_ros.dir/src/towr_ros_interface.cc.o:(.bss+0x18): multiple definition of `goal_q_y'
CMakeFiles/towr_ros.dir/src/goal_pose_publisher.cc.o:(.bss+0x18): first defined here
CMakeFiles/towr_ros.dir/src/towr_ros_interface.cc.o:(.bss+0x20): multiple definition of `goal_q_z'
CMakeFiles/towr_ros.dir/src/goal_pose_publisher.cc.o:(.bss+0x20): first defined here
CMakeFiles/towr_ros.dir/src/towr_ros_interface.cc.o:(.bss+0x28): multiple definition of `goal_q_w'
CMakeFiles/towr_ros.dir/src/goal_pose_publisher.cc.o:(.bss+0x28): first defined here
/usr/bin/ld: warning: /usr/lib/gcc/x86_64-linux-gnu/7/libstdc++.so: unsupported GNU_PROPERTY_TYPE (5) type: 0xc0010001
/usr/bin/ld: warning: /usr/lib/gcc/x86_64-linux-gnu/7/libstdc++.so: unsupported GNU_PROPERTY_TYPE (5) type: 0xc0010002
collect2: error: ld returned 1 exit status
make[2]: *** [/home/rrqq/towr_workspace/devel/.private/towr_ros/lib/libtowr_ros.so] Error 1
make[1]: *** [CMakeFiles/towr_ros.dir/all] Error 2
make: *** [all] Error 2
