/usr/bin/ld: warning: /usr/lib/gcc/x86_64-linux-gnu/7/libstdc++.so: unsupported GNU_PROPERTY_TYPE (5) type: 0xc0010001
/usr/bin/ld: warning: /usr/lib/gcc/x86_64-linux-gnu/7/libstdc++.so: unsupported GNU_PROPERTY_TYPE (5) type: 0xc0010002
/usr/bin/ld: warning: /usr/lib/gcc/x86_64-linux-gnu/7/libstdc++.so: unsupported GNU_PROPERTY_TYPE (5) type: 0xc0010001
/usr/bin/ld: warning: /usr/lib/gcc/x86_64-linux-gnu/7/libstdc++.so: unsupported GNU_PROPERTY_TYPE (5) type: 0xc0010002
/usr/bin/ld: warning: /usr/lib/gcc/x86_64-linux-gnu/7/libstdc++.so: unsupported GNU_PROPERTY_TYPE (5) type: 0xc0010001
/usr/bin/ld: warning: /usr/lib/gcc/x86_64-linux-gnu/7/libstdc++.so: unsupported GNU_PROPERTY_TYPE (5) type: 0xc0010002
/usr/bin/ld: warning: /usr/lib/gcc/x86_64-linux-gnu/7/libstdc++.so: unsupported GNU_PROPERTY_TYPE (5) type: 0xc0010001
/usr/bin/ld: warning: /usr/lib/gcc/x86_64-linux-gnu/7/libstdc++.so: unsupported GNU_PROPERTY_TYPE (5) type: 0xc0010002
[01m[K/home/rrqq/towr_workspace/src/towr/towr_ros/src/towr_user_interface.cc:[m[K In function ‘[01m[Kint main(int, char**)[m[K’:
[01m[K/home/rrqq/towr_workspace/src/towr/towr_ros/src/towr_user_interface.cc:582:24:[m[K [01;31m[Kerror: [m[K‘[01m[Kclass towr::TowrUserInterface[m[K’ has no member named ‘[01m[Ktotal_duration[m[K’; did you mean ‘[01m[Ktotal_duration_[m[K’?
         user_interface.[01;31m[Ktotal_duration[m[K = total_duration;   // 所需时间
                        [01;31m[K^~~~~~~~~~~~~~[m[K
                        [32m[Ktotal_duration_[m[K
make[2]: *** [CMakeFiles/towr_user_interface.dir/src/towr_user_interface.cc.o] Error 1
make[1]: *** [CMakeFiles/towr_user_interface.dir/all] Error 2
make[1]: *** Waiting for unfinished jobs....
/usr/bin/ld: warning: /usr/lib/gcc/x86_64-linux-gnu/7/libstdc++.so: unsupported GNU_PROPERTY_TYPE (5) type: 0xc0010001
/usr/bin/ld: warning: /usr/lib/gcc/x86_64-linux-gnu/7/libstdc++.so: unsupported GNU_PROPERTY_TYPE (5) type: 0xc0010002
/usr/bin/ld: warning: /usr/lib/gcc/x86_64-linux-gnu/7/libstdc++.so: unsupported GNU_PROPERTY_TYPE (5) type: 0xc0010001
/usr/bin/ld: warning: /usr/lib/gcc/x86_64-linux-gnu/7/libstdc++.so: unsupported GNU_PROPERTY_TYPE (5) type: 0xc0010002
make: *** [all] Error 2
