[01m[K/home/rrqq/towr_workspace/src/towr/towr_ros/src/rviz_terrain_publisher.cc:[m[K In function ‘[01m[Kvoid towr::UserCommandCallback(const TowrCommand&)[m[K’:
[01m[K/home/rrqq/towr_workspace/src/towr/towr_ros/src/rviz_terrain_publisher.cc:99:6:[m[K [01;31m[Kerror: [m[K‘[01m[Klog[m[K’ is not a member of ‘[01m[Kros[m[K’
 ros::[01;31m[Klog[m[K("here!!!!!!!!!!!!!!!!!!!!");
      [01;31m[K^~~[m[K
[01m[K/home/rrqq/towr_workspace/src/towr/towr_ros/src/rviz_terrain_publisher.cc:99:6:[m[K [01;36m[Knote: [m[Ksuggested alternatives:
In file included from [01m[K/opt/ros/melodic/include/ros/time.h:55:0[m[K,
                 from [01m[K/opt/ros/melodic/include/ros/ros.h:38[m[K,
                 from [01m[K/home/rrqq/towr_workspace/src/towr/towr_ros/src/rviz_terrain_publisher.cc:30[m[K:
[01m[K/usr/include/c++/7/cmath:350:5:[m[K [01;36m[Knote: [m[K  ‘[01m[Kstd::log[m[K’
     [01;36m[Klog[m[K(_Tp __x)
     [01;36m[K^~~[m[K
In file included from [01m[K/usr/include/features.h:424:0[m[K,
                 from [01m[K/usr/include/x86_64-linux-gnu/c++/7/bits/os_defines.h:39[m[K,
                 from [01m[K/usr/include/x86_64-linux-gnu/c++/7/bits/c++config.h:533[m[K,
                 from [01m[K/usr/include/c++/7/cstdlib:41[m[K,
                 from [01m[K/usr/include/c++/7/stdlib.h:36[m[K,
                 from [01m[K/opt/ros/melodic/include/ros/platform.h:37[m[K,
                 from [01m[K/opt/ros/melodic/include/ros/time.h:53[m[K,
                 from [01m[K/opt/ros/melodic/include/ros/ros.h:38[m[K,
                 from [01m[K/home/rrqq/towr_workspace/src/towr/towr_ros/src/rviz_terrain_publisher.cc:30[m[K:
[01m[K/usr/include/x86_64-linux-gnu/bits/mathcalls.h:104:1:[m[K [01;36m[Knote: [m[K  ‘[01m[Klog[m[K’
 [01;36m[K_[m[K_MATHCALL_VEC (log,, (_Mdouble_ __x));
 [01;36m[K^[m[K
In file included from [01m[K/usr/include/eigen3/Eigen/Core:513:0[m[K,
                 from [01m[K/usr/include/eigen3/Eigen/Dense:1[m[K,
                 from [01m[K/home/rrqq/towr_workspace/src/towr/towr_ros/src/rviz_terrain_publisher.cc:33[m[K:
[01m[K/usr/include/eigen3/Eigen/src/Core/GlobalFunctions.h:74:36:[m[K [01;36m[Knote: [m[K  ‘[01m[KEigen::log[m[K’
   EIGEN_ARRAY_DECLARE_GLOBAL_UNARY([01;36m[Kl[m[Kog,scalar_log_op,natural logarithm,\sa Eigen::log10 DOXCOMMA ArrayBase::log)
                                    [01;36m[K^[m[K
[01m[K/usr/include/eigen3/Eigen/src/Core/GlobalFunctions.h:32:4:[m[K [01;36m[Knote: [m[Kin definition of macro ‘[01m[KEIGEN_ARRAY_DECLARE_GLOBAL_UNARY[m[K’
   ([01;36m[KNAME[m[K)(const Eigen::ArrayBase<Derived>& x) { \
    [01;36m[K^~~~[m[K
In file included from [01m[K/usr/include/eigen3/Eigen/Core:352:0[m[K,
                 from [01m[K/usr/include/eigen3/Eigen/Dense:1[m[K,
                 from [01m[K/home/rrqq/towr_workspace/src/towr/towr_ros/src/rviz_terrain_publisher.cc:33[m[K:
[01m[K/usr/include/eigen3/Eigen/src/Core/MathFunctions.h:1049:3:[m[K [01;36m[Knote: [m[K  ‘[01m[KEigen::numext::log[m[K’
 T [01;36m[Klog[m[K(const T &x) {
   [01;36m[K^~~[m[K
In file included from [01m[K/usr/include/eigen3/Eigen/Core:391:0[m[K,
                 from [01m[K/usr/include/eigen3/Eigen/Dense:1[m[K,
                 from [01m[K/home/rrqq/towr_workspace/src/towr/towr_ros/src/rviz_terrain_publisher.cc:33[m[K:
[01m[K/usr/include/eigen3/Eigen/src/Core/arch/CUDA/Half.h:391:44:[m[K [01;36m[Knote: [m[K  ‘[01m[KEigen::half_impl::log[m[K’
 EIGEN_STRONG_INLINE EIGEN_DEVICE_FUNC half [01;36m[Klog[m[K(const half& a) {
                                            [01;36m[K^~~[m[K
make[2]: *** [CMakeFiles/rviz_terrain_publisher.dir/src/rviz_terrain_publisher.cc.o] Error 1
make[1]: *** [CMakeFiles/rviz_terrain_publisher.dir/all] Error 2
make: *** [all] Error 2
