/usr/bin/ld: warning: /usr/lib/gcc/x86_64-linux-gnu/7/libstdc++.so: unsupported GNU_PROPERTY_TYPE (5) type: 0xc0010001
/usr/bin/ld: warning: /usr/lib/gcc/x86_64-linux-gnu/7/libstdc++.so: unsupported GNU_PROPERTY_TYPE (5) type: 0xc0010002
/usr/bin/ld: warning: /usr/lib/gcc/x86_64-linux-gnu/7/libstdc++.so: unsupported GNU_PROPERTY_TYPE (5) type: 0xc0010001
/usr/bin/ld: warning: /usr/lib/gcc/x86_64-linux-gnu/7/libstdc++.so: unsupported GNU_PROPERTY_TYPE (5) type: 0xc0010002
/usr/bin/ld: warning: /usr/lib/gcc/x86_64-linux-gnu/7/libstdc++.so: unsupported GNU_PROPERTY_TYPE (5) type: 0xc0010001
/usr/bin/ld: warning: /usr/lib/gcc/x86_64-linux-gnu/7/libstdc++.so: unsupported GNU_PROPERTY_TYPE (5) type: 0xc0010002
/usr/bin/ld: warning: /usr/lib/gcc/x86_64-linux-gnu/7/libstdc++.so: unsupported GNU_PROPERTY_TYPE (5) type: 0xc0010001
/usr/bin/ld: warning: /usr/lib/gcc/x86_64-linux-gnu/7/libstdc++.so: unsupported GNU_PROPERTY_TYPE (5) type: 0xc0010002
/home/rrqq/towr_workspace/devel/.private/towr_ros/lib/libtowr_ros.so: undefined reference to `keypad'
/home/rrqq/towr_workspace/devel/.private/towr_ros/lib/libtowr_ros.so: undefined reference to `stdscr'
/home/rrqq/towr_workspace/devel/.private/towr_ros/lib/libtowr_ros.so: undefined reference to `endwin'
/home/rrqq/towr_workspace/devel/.private/towr_ros/lib/libtowr_ros.so: undefined reference to `wmove'
/home/rrqq/towr_workspace/devel/.private/towr_ros/lib/libtowr_ros.so: undefined reference to `initscr'
/home/rrqq/towr_workspace/devel/.private/towr_ros/lib/libtowr_ros.so: undefined reference to `refresh'
/home/rrqq/towr_workspace/devel/.private/towr_ros/lib/libtowr_ros.so: undefined reference to `cbreak'
/home/rrqq/towr_workspace/devel/.private/towr_ros/lib/libtowr_ros.so: undefined reference to `noecho'
/home/rrqq/towr_workspace/devel/.private/towr_ros/lib/libtowr_ros.so: undefined reference to `wgetch'
/home/rrqq/towr_workspace/devel/.private/towr_ros/lib/libtowr_ros.so: undefined reference to `printw'
collect2: error: ld returned 1 exit status
make[2]: *** [/home/rrqq/towr_workspace/devel/.private/towr_ros/lib/towr_ros/towr_ros_app] Error 1
make[1]: *** [CMakeFiles/towr_ros_app.dir/all] Error 2
make: *** [all] Error 2
