/usr/bin/ld: warning: /usr/lib/gcc/x86_64-linux-gnu/7/libstdc++.so: unsupported GNU_PROPERTY_TYPE (5) type: 0xc0010001
/usr/bin/ld: warning: /usr/lib/gcc/x86_64-linux-gnu/7/libstdc++.so: unsupported GNU_PROPERTY_TYPE (5) type: 0xc0010002
/usr/bin/ld: warning: /usr/lib/gcc/x86_64-linux-gnu/7/libstdc++.so: unsupported GNU_PROPERTY_TYPE (5) type: 0xc0010001
/usr/bin/ld: warning: /usr/lib/gcc/x86_64-linux-gnu/7/libstdc++.so: unsupported GNU_PROPERTY_TYPE (5) type: 0xc0010002
CMakeFiles/goal_pose_publisher.dir/src/goal_pose_publisher.cc.o: In function `main':
goal_pose_publisher.cc:(.text+0x629): multiple definition of `main'
CMakeFiles/goal_pose_publisher.dir/src/towr_user_interface.cc.o:towr_user_interface.cc:(.text+0x1864): first defined here
/usr/bin/ld: warning: /usr/lib/gcc/x86_64-linux-gnu/7/libstdc++.so: unsupported GNU_PROPERTY_TYPE (5) type: 0xc0010001
/usr/bin/ld: warning: /usr/lib/gcc/x86_64-linux-gnu/7/libstdc++.so: unsupported GNU_PROPERTY_TYPE (5) type: 0xc0010002
CMakeFiles/goal_pose_publisher.dir/src/towr_user_interface.cc.o: In function `towr::TowrUserInterface::TowrUserInterface()':
towr_user_interface.cc:(.text+0x2ca): undefined reference to `printw'
towr_user_interface.cc:(.text+0x2db): undefined reference to `printw'
towr_user_interface.cc:(.text+0x2ec): undefined reference to `printw'
towr_user_interface.cc:(.text+0x2fd): undefined reference to `printw'
towr_user_interface.cc:(.text+0x30e): undefined reference to `printw'
CMakeFiles/goal_pose_publisher.dir/src/towr_user_interface.cc.o: In function `towr::TowrUserInterface::PrintScreen() const':
towr_user_interface.cc:(.text+0x6d3): undefined reference to `stdscr'
towr_user_interface.cc:(.text+0x6e5): undefined reference to `wmove'
towr_user_interface.cc:(.text+0x6f6): undefined reference to `printw'
towr_user_interface.cc:(.text+0x6fd): undefined reference to `stdscr'
towr_user_interface.cc:(.text+0x70f): undefined reference to `wmove'
towr_user_interface.cc:(.text+0x720): undefined reference to `printw'
towr_user_interface.cc:(.text+0x727): undefined reference to `stdscr'
towr_user_interface.cc:(.text+0x739): undefined reference to `wmove'
towr_user_interface.cc:(.text+0x74a): undefined reference to `printw'
towr_user_interface.cc:(.text+0x751): undefined reference to `stdscr'
towr_user_interface.cc:(.text+0x763): undefined reference to `wmove'
towr_user_interface.cc:(.text+0x774): undefined reference to `printw'
towr_user_interface.cc:(.text+0x77b): undefined reference to `stdscr'
towr_user_interface.cc:(.text+0x78d): undefined reference to `wmove'
towr_user_interface.cc:(.text+0x79e): undefined reference to `printw'
towr_user_interface.cc:(.text+0x7a5): undefined reference to `stdscr'
towr_user_interface.cc:(.text+0x7b7): undefined reference to `wmove'
towr_user_interface.cc:(.text+0x7c8): undefined reference to `printw'
towr_user_interface.cc:(.text+0x7cf): undefined reference to `stdscr'
towr_user_interface.cc:(.text+0x7e1): undefined reference to `wmove'
towr_user_interface.cc:(.text+0x7f2): undefined reference to `printw'
towr_user_interface.cc:(.text+0x7f9): undefined reference to `stdscr'
towr_user_interface.cc:(.text+0x80b): undefined reference to `wmove'
towr_user_interface.cc:(.text+0x81c): undefined reference to `printw'
towr_user_interface.cc:(.text+0x823): undefined reference to `stdscr'
towr_user_interface.cc:(.text+0x835): undefined reference to `wmove'
towr_user_interface.cc:(.text+0x846): undefined reference to `printw'
towr_user_interface.cc:(.text+0x84d): undefined reference to `stdscr'
towr_user_interface.cc:(.text+0x85f): undefined reference to `wmove'
towr_user_interface.cc:(.text+0x870): undefined reference to `printw'
towr_user_interface.cc:(.text+0x877): undefined reference to `stdscr'
towr_user_interface.cc:(.text+0x889): undefined reference to `wmove'
towr_user_interface.cc:(.text+0x89a): undefined reference to `printw'
towr_user_interface.cc:(.text+0x8a1): undefined reference to `stdscr'
towr_user_interface.cc:(.text+0x8b3): undefined reference to `wmove'
towr_user_interface.cc:(.text+0x8c4): undefined reference to `printw'
towr_user_interface.cc:(.text+0x8cb): undefined reference to `stdscr'
towr_user_interface.cc:(.text+0x8dd): undefined reference to `wmove'
towr_user_interface.cc:(.text+0x8ee): undefined reference to `printw'
towr_user_interface.cc:(.text+0x8f5): undefined reference to `stdscr'
towr_user_interface.cc:(.text+0x907): undefined reference to `wmove'
towr_user_interface.cc:(.text+0x918): undefined reference to `printw'
towr_user_interface.cc:(.text+0x91f): undefined reference to `stdscr'
towr_user_interface.cc:(.text+0x931): undefined reference to `wmove'
towr_user_interface.cc:(.text+0x942): undefined reference to `printw'
towr_user_interface.cc:(.text+0x949): undefined reference to `stdscr'
towr_user_interface.cc:(.text+0x95b): undefined reference to `wmove'
towr_user_interface.cc:(.text+0x96c): undefined reference to `printw'
towr_user_interface.cc:(.text+0x973): undefined reference to `stdscr'
towr_user_interface.cc:(.text+0x985): undefined reference to `wmove'
towr_user_interface.cc:(.text+0x996): undefined reference to `printw'
towr_user_interface.cc:(.text+0x99d): undefined reference to `stdscr'
towr_user_interface.cc:(.text+0x9af): undefined reference to `wmove'
towr_user_interface.cc:(.text+0x9dd): undefined reference to `printw'
towr_user_interface.cc:(.text+0x9e4): undefined reference to `stdscr'
towr_user_interface.cc:(.text+0x9f6): undefined reference to `wmove'
towr_user_interface.cc:(.text+0xa07): undefined reference to `printw'
towr_user_interface.cc:(.text+0xa0e): undefined reference to `stdscr'
towr_user_interface.cc:(.text+0xa20): undefined reference to `wmove'
towr_user_interface.cc:(.text+0xa31): undefined reference to `printw'
towr_user_interface.cc:(.text+0xa38): undefined reference to `stdscr'
towr_user_interface.cc:(.text+0xa4a): undefined reference to `wmove'
towr_user_interface.cc:(.text+0xaa3): undefined reference to `printw'
towr_user_interface.cc:(.text+0xaaa): undefined reference to `stdscr'
towr_user_interface.cc:(.text+0xabc): undefined reference to `wmove'
towr_user_interface.cc:(.text+0xacd): undefined reference to `printw'
towr_user_interface.cc:(.text+0xad4): undefined reference to `stdscr'
towr_user_interface.cc:(.text+0xae6): undefined reference to `wmove'
towr_user_interface.cc:(.text+0xaf7): undefined reference to `printw'
towr_user_interface.cc:(.text+0xafe): undefined reference to `stdscr'
towr_user_interface.cc:(.text+0xb10): undefined reference to `wmove'
towr_user_interface.cc:(.text+0xb51): undefined reference to `printw'
towr_user_interface.cc:(.text+0xb58): undefined reference to `stdscr'
towr_user_interface.cc:(.text+0xb6a): undefined reference to `wmove'
towr_user_interface.cc:(.text+0xb7b): undefined reference to `printw'
towr_user_interface.cc:(.text+0xb82): undefined reference to `stdscr'
towr_user_interface.cc:(.text+0xb94): undefined reference to `wmove'
towr_user_interface.cc:(.text+0xba5): undefined reference to `printw'
towr_user_interface.cc:(.text+0xbac): undefined reference to `stdscr'
towr_user_interface.cc:(.text+0xbbe): undefined reference to `wmove'
towr_user_interface.cc:(.text+0xbfd): undefined reference to `printw'
towr_user_interface.cc:(.text+0xc04): undefined reference to `stdscr'
towr_user_interface.cc:(.text+0xc16): undefined reference to `wmove'
towr_user_interface.cc:(.text+0xc27): undefined reference to `printw'
towr_user_interface.cc:(.text+0xc2e): undefined reference to `stdscr'
towr_user_interface.cc:(.text+0xc40): undefined reference to `wmove'
towr_user_interface.cc:(.text+0xc51): undefined reference to `printw'
towr_user_interface.cc:(.text+0xc58): undefined reference to `stdscr'
towr_user_interface.cc:(.text+0xc6a): undefined reference to `wmove'
towr_user_interface.cc:(.text+0xca5): undefined reference to `printw'
towr_user_interface.cc:(.text+0xcb8): undefined reference to `stdscr'
towr_user_interface.cc:(.text+0xcca): undefined reference to `wmove'
towr_user_interface.cc:(.text+0xcdb): undefined reference to `printw'
towr_user_interface.cc:(.text+0xce2): undefined reference to `stdscr'
towr_user_interface.cc:(.text+0xcf4): undefined reference to `wmove'
towr_user_interface.cc:(.text+0xd05): undefined reference to `printw'
towr_user_interface.cc:(.text+0xd0c): undefined reference to `stdscr'
towr_user_interface.cc:(.text+0xd1e): undefined reference to `wmove'
towr_user_interface.cc:(.text+0xd41): undefined reference to `printw'
towr_user_interface.cc:(.text+0xd54): undefined reference to `printw'
towr_user_interface.cc:(.text+0xd5b): undefined reference to `stdscr'
towr_user_interface.cc:(.text+0xd6d): undefined reference to `wmove'
towr_user_interface.cc:(.text+0xd7e): undefined reference to `printw'
towr_user_interface.cc:(.text+0xd85): undefined reference to `stdscr'
towr_user_interface.cc:(.text+0xd97): undefined reference to `wmove'
towr_user_interface.cc:(.text+0xda8): undefined reference to `printw'
towr_user_interface.cc:(.text+0xdaf): undefined reference to `stdscr'
towr_user_interface.cc:(.text+0xdc1): undefined reference to `wmove'
towr_user_interface.cc:(.text+0xe00): undefined reference to `printw'
towr_user_interface.cc:(.text+0xe07): undefined reference to `stdscr'
towr_user_interface.cc:(.text+0xe19): undefined reference to `wmove'
towr_user_interface.cc:(.text+0xe2a): undefined reference to `printw'
towr_user_interface.cc:(.text+0xe31): undefined reference to `stdscr'
towr_user_interface.cc:(.text+0xe43): undefined reference to `wmove'
towr_user_interface.cc:(.text+0xe54): undefined reference to `printw'
towr_user_interface.cc:(.text+0xe5b): undefined reference to `stdscr'
towr_user_interface.cc:(.text+0xe6d): undefined reference to `wmove'
towr_user_interface.cc:(.text+0xe9b): undefined reference to `printw'
towr_user_interface.cc:(.text+0xea2): undefined reference to `stdscr'
towr_user_interface.cc:(.text+0xeb4): undefined reference to `wmove'
towr_user_interface.cc:(.text+0xec5): undefined reference to `printw'
towr_user_interface.cc:(.text+0xecc): undefined reference to `stdscr'
towr_user_interface.cc:(.text+0xede): undefined reference to `wmove'
towr_user_interface.cc:(.text+0xeef): undefined reference to `printw'
towr_user_interface.cc:(.text+0xef6): undefined reference to `stdscr'
towr_user_interface.cc:(.text+0xf08): undefined reference to `wmove'
towr_user_interface.cc:(.text+0xf19): undefined reference to `printw'
CMakeFiles/goal_pose_publisher.dir/src/towr_user_interface.cc.o: In function `towr::TowrUserInterface::CallbackKey(int)':
towr_user_interface.cc:(.text+0x13ed): undefined reference to `stdscr'
towr_user_interface.cc:(.text+0x13ff): undefined reference to `wmove'
towr_user_interface.cc:(.text+0x1410): undefined reference to `printw'
towr_user_interface.cc:(.text+0x1427): undefined reference to `stdscr'
towr_user_interface.cc:(.text+0x1439): undefined reference to `wmove'
towr_user_interface.cc:(.text+0x144a): undefined reference to `printw'
towr_user_interface.cc:(.text+0x1461): undefined reference to `stdscr'
towr_user_interface.cc:(.text+0x1473): undefined reference to `wmove'
towr_user_interface.cc:(.text+0x1484): undefined reference to `printw'
towr_user_interface.cc:(.text+0x1498): undefined reference to `stdscr'
towr_user_interface.cc:(.text+0x14aa): undefined reference to `wmove'
towr_user_interface.cc:(.text+0x14bb): undefined reference to `printw'
towr_user_interface.cc:(.text+0x14ce): undefined reference to `printw'
CMakeFiles/goal_pose_publisher.dir/src/towr_user_interface.cc.o: In function `towr::TowrUserInterface::PrintVector(Eigen::Matrix<double, 3, 1, 0, 3, 1> const&) const':
towr_user_interface.cc:(.text+0x1807): undefined reference to `printw'
CMakeFiles/goal_pose_publisher.dir/src/towr_user_interface.cc.o: In function `towr::TowrUserInterface::PrintVector2D(Eigen::Matrix<double, 2, 1, 0, 2, 1> const&) const':
towr_user_interface.cc:(.text+0x185d): undefined reference to `printw'
CMakeFiles/goal_pose_publisher.dir/src/towr_user_interface.cc.o: In function `main':
towr_user_interface.cc:(.text+0x18f0): undefined reference to `initscr'
towr_user_interface.cc:(.text+0x18f5): undefined reference to `cbreak'
towr_user_interface.cc:(.text+0x18fa): undefined reference to `noecho'
towr_user_interface.cc:(.text+0x1901): undefined reference to `stdscr'
towr_user_interface.cc:(.text+0x190e): undefined reference to `keypad'
towr_user_interface.cc:(.text+0x192d): undefined reference to `stdscr'
towr_user_interface.cc:(.text+0x1935): undefined reference to `wgetch'
towr_user_interface.cc:(.text+0x1957): undefined reference to `refresh'
towr_user_interface.cc:(.text+0x195e): undefined reference to `endwin'
collect2: error: ld returned 1 exit status
make[2]: *** [/home/rrqq/towr_workspace/devel/.private/towr_ros/lib/towr_ros/goal_pose_publisher] Error 1
make[1]: *** [CMakeFiles/goal_pose_publisher.dir/all] Error 2
make: *** [all] Error 2
