[  0%] Built target xpp_msgs_generate_messages_cpp
[  0%] Built target std_msgs_generate_messages_py
[  0%] Built target xpp_msgs_generate_messages_eus
[  0%] Built target std_msgs_generate_messages_cpp
[  0%] Built target std_msgs_generate_messages_lisp
[  0%] Built target xpp_msgs_generate_messages_py
[  0%] Built target xpp_msgs_generate_messages_lisp
[  0%] Built target std_msgs_generate_messages_nodejs
[  0%] Built target xpp_msgs_generate_messages_nodejs
[  0%] Built target std_msgs_generate_messages_eus
[  9%] Built target rosbag_traj_combiner
[ 19%] Built target rosbag_geom_msg_extractor
[ 19%] Built target _towr_ros_generate_messages_check_deps_TowrCommand
[ 23%] Built target towr_ros_generate_messages_cpp
[ 28%] Built target towr_ros_generate_messages_lisp
[ 38%] Built target towr_ros_generate_messages_eus
[ 47%] Built target towr_ros_generate_messages_nodejs
[ 52%] Built target towr_ros_generate_messages_py
[ 52%] Built target towr_ros_gencpp
[ 52%] Built target towr_ros_generate_messages
[ 61%] Built target rviz_terrain_publisher
[ 71%] Built target towr_ros
[ 80%] Built target goal_pose_publisher
[ 85%] [32mBuilding CXX object CMakeFiles/towr_user_interface.dir/src/towr_user_interface.cc.o[0m
[ 95%] Built target towr_ros_app
[01m[K/home/rrqq/towr_workspace/src/towr/towr_ros/src/towr_user_interface.cc:[m[K In function ‘[01m[Kint main(int, char**)[m[K’:
[01m[K/home/rrqq/towr_workspace/src/towr/towr_ros/src/towr_user_interface.cc:599:9:[m[K [01;31m[Kerror: [m[K‘[01m[Kterrain_id[m[K’ was not declared in this scope
         [01;31m[Kterrain_id[m[K = static_cast<towr::HeightMap::TerrainID>(terrain);
         [01;31m[K^~~~~~~~~~[m[K
[01m[K/home/rrqq/towr_workspace/src/towr/towr_ros/src/towr_user_interface.cc:599:9:[m[K [01;36m[Knote: [m[Ksuggested alternative: ‘[01m[Kterrain[m[K’
         [01;36m[Kterrain_id[m[K = static_cast<towr::HeightMap::TerrainID>(terrain);
         [01;36m[K^~~~~~~~~~[m[K
         [32m[Kterrain[m[K
CMakeFiles/towr_user_interface.dir/build.make:75: recipe for target 'CMakeFiles/towr_user_interface.dir/src/towr_user_interface.cc.o' failed
make[2]: *** [CMakeFiles/towr_user_interface.dir/src/towr_user_interface.cc.o] Error 1
make[1]: *** [CMakeFiles/towr_user_interface.dir/all] Error 2
CMakeFiles/Makefile2:1678: recipe for target 'CMakeFiles/towr_user_interface.dir/all' failed
Makefile:145: recipe for target 'all' failed
make: *** [all] Error 2
