[01m[K/home/rrqq/towr_workspace/src/towr/towr_ros/src/towr_ros_interface.cc:175:94:[m[K [01;35m[Kwarning: [m[Kbackslash and newline separated by space
                      LF_X, LF_Y, LF_Z, RF_X, RF_Y, RF_Z, LH_X, LH_Y, LH_Z, RH_X, RH_Y, RH_Z, \
                                                                                               
[01m[K/home/rrqq/towr_workspace/src/towr/towr_ros/src/towr_ros_interface.cc:176:82:[m[K [01;35m[Kwarning: [m[Kbackslash and newline separated by space
                      Base_X, Base_Y, Base_Z, Base_QX, Base_QY, Base_QZ, Base_QW, \
                                                                                   
[01m[K/home/rrqq/towr_workspace/src/towr/towr_ros/src/towr_ros_interface.cc:[m[K In member function ‘[01m[Ktowr::TowrRosInterface::XppVec towr::TowrRosInterface::GetTrajectory() const[m[K’:
[01m[K/home/rrqq/towr_workspace/src/towr/towr_ros/src/towr_ros_interface.cc:212:35:[m[K [01;31m[Kerror: [m[Kno match for ‘[01m[Koperator[][m[K’ (operand types are ‘[01m[Kxpp::StateLin3d[m[K’ and ‘[01m[Kint[m[K’)
         x = state.ee_motion_.at(0)[01;31m[K[[m[K0];
                                   [01;31m[K^[m[K
[01m[K/home/rrqq/towr_workspace/src/towr/towr_ros/src/towr_ros_interface.cc:213:35:[m[K [01;31m[Kerror: [m[Kno match for ‘[01m[Koperator[][m[K’ (operand types are ‘[01m[Kxpp::StateLin3d[m[K’ and ‘[01m[Kint[m[K’)
         y = state.ee_motion_.at(0)[01;31m[K[[m[K1];
                                   [01;31m[K^[m[K
[01m[K/home/rrqq/towr_workspace/src/towr/towr_ros/src/towr_ros_interface.cc:214:35:[m[K [01;31m[Kerror: [m[Kno match for ‘[01m[Koperator[][m[K’ (operand types are ‘[01m[Kxpp::StateLin3d[m[K’ and ‘[01m[Kint[m[K’)
         z = state.ee_motion_.at(0)[01;31m[K[[m[K2];
                                   [01;31m[K^[m[K
[01m[K/home/rrqq/towr_workspace/src/towr/towr_ros/src/towr_ros_interface.cc:217:35:[m[K [01;31m[Kerror: [m[Kno match for ‘[01m[Koperator[][m[K’ (operand types are ‘[01m[Kxpp::StateLin3d[m[K’ and ‘[01m[Kint[m[K’)
         x = state.ee_motion_.at(1)[01;31m[K[[m[K0];
                                   [01;31m[K^[m[K
[01m[K/home/rrqq/towr_workspace/src/towr/towr_ros/src/towr_ros_interface.cc:218:35:[m[K [01;31m[Kerror: [m[Kno match for ‘[01m[Koperator[][m[K’ (operand types are ‘[01m[Kxpp::StateLin3d[m[K’ and ‘[01m[Kint[m[K’)
         y = state.ee_motion_.at(1)[01;31m[K[[m[K1];
                                   [01;31m[K^[m[K
[01m[K/home/rrqq/towr_workspace/src/towr/towr_ros/src/towr_ros_interface.cc:219:35:[m[K [01;31m[Kerror: [m[Kno match for ‘[01m[Koperator[][m[K’ (operand types are ‘[01m[Kxpp::StateLin3d[m[K’ and ‘[01m[Kint[m[K’)
         z = state.ee_motion_.at(1)[01;31m[K[[m[K2];
                                   [01;31m[K^[m[K
[01m[K/home/rrqq/towr_workspace/src/towr/towr_ros/src/towr_ros_interface.cc:222:35:[m[K [01;31m[Kerror: [m[Kno match for ‘[01m[Koperator[][m[K’ (operand types are ‘[01m[Kxpp::StateLin3d[m[K’ and ‘[01m[Kint[m[K’)
         x = state.ee_motion_.at(2)[01;31m[K[[m[K0];
                                   [01;31m[K^[m[K
[01m[K/home/rrqq/towr_workspace/src/towr/towr_ros/src/towr_ros_interface.cc:223:35:[m[K [01;31m[Kerror: [m[Kno match for ‘[01m[Koperator[][m[K’ (operand types are ‘[01m[Kxpp::StateLin3d[m[K’ and ‘[01m[Kint[m[K’)
         y = state.ee_motion_.at(2)[01;31m[K[[m[K1];
                                   [01;31m[K^[m[K
[01m[K/home/rrqq/towr_workspace/src/towr/towr_ros/src/towr_ros_interface.cc:224:35:[m[K [01;31m[Kerror: [m[Kno match for ‘[01m[Koperator[][m[K’ (operand types are ‘[01m[Kxpp::StateLin3d[m[K’ and ‘[01m[Kint[m[K’)
         z = state.ee_motion_.at(2)[01;31m[K[[m[K2];
                                   [01;31m[K^[m[K
[01m[K/home/rrqq/towr_workspace/src/towr/towr_ros/src/towr_ros_interface.cc:227:35:[m[K [01;31m[Kerror: [m[Kno match for ‘[01m[Koperator[][m[K’ (operand types are ‘[01m[Kxpp::StateLin3d[m[K’ and ‘[01m[Kint[m[K’)
         x = state.ee_motion_.at(3)[01;31m[K[[m[K0];
                                   [01;31m[K^[m[K
[01m[K/home/rrqq/towr_workspace/src/towr/towr_ros/src/towr_ros_interface.cc:228:35:[m[K [01;31m[Kerror: [m[Kno match for ‘[01m[Koperator[][m[K’ (operand types are ‘[01m[Kxpp::StateLin3d[m[K’ and ‘[01m[Kint[m[K’)
         y = state.ee_motion_.at(3)[01;31m[K[[m[K1];
                                   [01;31m[K^[m[K
[01m[K/home/rrqq/towr_workspace/src/towr/towr_ros/src/towr_ros_interface.cc:229:35:[m[K [01;31m[Kerror: [m[Kno match for ‘[01m[Koperator[][m[K’ (operand types are ‘[01m[Kxpp::StateLin3d[m[K’ and ‘[01m[Kint[m[K’)
         z = state.ee_motion_.at(3)[01;31m[K[[m[K2];
                                   [01;31m[K^[m[K
[01m[K/home/rrqq/towr_workspace/src/towr/towr_ros/src/towr_ros_interface.cc:232:29:[m[K [01;31m[Kerror: [m[K‘[01m[Kclass xpp::StateLin3d[m[K’ has no member named ‘[01m[Kcoeff[m[K’
         x = state.base_.lin.[01;31m[Kcoeff[m[K()[0];
                             [01;31m[K^~~~~[m[K
[01m[K/home/rrqq/towr_workspace/src/towr/towr_ros/src/towr_ros_interface.cc:233:29:[m[K [01;31m[Kerror: [m[K‘[01m[Kclass xpp::StateLin3d[m[K’ has no member named ‘[01m[Kcoeff[m[K’
         y = state.base_.lin.[01;31m[Kcoeff[m[K()[1];
                             [01;31m[K^~~~~[m[K
[01m[K/home/rrqq/towr_workspace/src/towr/towr_ros/src/towr_ros_interface.cc:234:29:[m[K [01;31m[Kerror: [m[K‘[01m[Kclass xpp::StateLin3d[m[K’ has no member named ‘[01m[Kcoeff[m[K’
         z = state.base_.lin.[01;31m[Kcoeff[m[K()[2];
                             [01;31m[K^~~~~[m[K
[01m[K/home/rrqq/towr_workspace/src/towr/towr_ros/src/towr_ros_interface.cc:237:32:[m[K [01;31m[Kerror: [m[K‘[01m[Kusing Quaterniond = Eigen::Quaterniond {aka class Eigen::Quaternion<double>}[m[K’ has no member named ‘[01m[Kcoeff[m[K’; did you mean ‘[01m[Kcoeffs[m[K’?
         qx = state.base_.ang.q.[01;31m[Kcoeff[m[K()[0];
                                [01;31m[K^~~~~[m[K
                                [32m[Kcoeffs[m[K
[01m[K/home/rrqq/towr_workspace/src/towr/towr_ros/src/towr_ros_interface.cc:238:32:[m[K [01;31m[Kerror: [m[K‘[01m[Kusing Quaterniond = Eigen::Quaterniond {aka class Eigen::Quaternion<double>}[m[K’ has no member named ‘[01m[Kcoeff[m[K’; did you mean ‘[01m[Kcoeffs[m[K’?
         qy = state.base_.ang.q.[01;31m[Kcoeff[m[K()[1];
                                [01;31m[K^~~~~[m[K
                                [32m[Kcoeffs[m[K
[01m[K/home/rrqq/towr_workspace/src/towr/towr_ros/src/towr_ros_interface.cc:239:32:[m[K [01;31m[Kerror: [m[K‘[01m[Kusing Quaterniond = Eigen::Quaterniond {aka class Eigen::Quaternion<double>}[m[K’ has no member named ‘[01m[Kcoeff[m[K’; did you mean ‘[01m[Kcoeffs[m[K’?
         qz = state.base_.ang.q.[01;31m[Kcoeff[m[K()[2];
                                [01;31m[K^~~~~[m[K
                                [32m[Kcoeffs[m[K
[01m[K/home/rrqq/towr_workspace/src/towr/towr_ros/src/towr_ros_interface.cc:240:32:[m[K [01;31m[Kerror: [m[K‘[01m[Kusing Quaterniond = Eigen::Quaterniond {aka class Eigen::Quaternion<double>}[m[K’ has no member named ‘[01m[Kcoeff[m[K’; did you mean ‘[01m[Kcoeffs[m[K’?
         qw = state.base_.ang.q.[01;31m[Kcoeff[m[K()[3];
                                [01;31m[K^~~~~[m[K
                                [32m[Kcoeffs[m[K
[01m[K/home/rrqq/towr_workspace/src/towr/towr_ros/src/towr_ros_interface.cc:243:38:[m[K [01;31m[Kerror: [m[Kno matching function for call to ‘[01m[KEigen::Matrix<double, 3, 1>::coeff()[m[K’
         wx = state.base_.ang.w.coeff([01;31m[K)[m[K[0];
                                      [01;31m[K^[m[K
In file included from [01m[K/usr/include/eigen3/Eigen/Core:437:0[m[K,
                 from [01m[K/usr/include/eigen3/Eigen/Dense:1[m[K,
                 from [01m[K/opt/ros/melodic/include/xpp_states/state.h:34[m[K,
                 from [01m[K/opt/ros/melodic/include/xpp_states/robot_state_cartesian.h:33[m[K,
                 from [01m[K/home/rrqq/towr_workspace/src/towr/towr_ros/include/towr_ros/towr_ros_interface.h:38[m[K,
                 from [01m[K/home/rrqq/towr_workspace/src/towr/towr_ros/src/towr_ros_interface.cc:30[m[K:
[01m[K/usr/include/eigen3/Eigen/src/Core/PlainObjectBase.h:160:39:[m[K [01;36m[Knote: [m[Kcandidate: const Scalar& Eigen::PlainObjectBase<Derived>::coeff(Eigen::Index, Eigen::Index) const [with Derived = Eigen::Matrix<double, 3, 1>; Eigen::PlainObjectBase<Derived>::Scalar = double; Eigen::Index = long int]
     EIGEN_STRONG_INLINE const Scalar& [01;36m[Kcoeff[m[K(Index rowId, Index colId) const
                                       [01;36m[K^~~~~[m[K
[01m[K/usr/include/eigen3/Eigen/src/Core/PlainObjectBase.h:160:39:[m[K [01;36m[Knote: [m[K  candidate expects 2 arguments, 0 provided
[01m[K/usr/include/eigen3/Eigen/src/Core/PlainObjectBase.h:173:39:[m[K [01;36m[Knote: [m[Kcandidate: const Scalar& Eigen::PlainObjectBase<Derived>::coeff(Eigen::Index) const [with Derived = Eigen::Matrix<double, 3, 1>; Eigen::PlainObjectBase<Derived>::Scalar = double; Eigen::Index = long int]
     EIGEN_STRONG_INLINE const Scalar& [01;36m[Kcoeff[m[K(Index index) const
                                       [01;36m[K^~~~~[m[K
[01m[K/usr/include/eigen3/Eigen/src/Core/PlainObjectBase.h:173:39:[m[K [01;36m[Knote: [m[K  candidate expects 1 argument, 0 provided
[01m[K/home/rrqq/towr_workspace/src/towr/towr_ros/src/towr_ros_interface.cc:244:38:[m[K [01;31m[Kerror: [m[Kno matching function for call to ‘[01m[KEigen::Matrix<double, 3, 1>::coeff()[m[K’
         wy = state.base_.ang.w.coeff([01;31m[K)[m[K[1];
                                      [01;31m[K^[m[K
In file included from [01m[K/usr/include/eigen3/Eigen/Core:437:0[m[K,
                 from [01m[K/usr/include/eigen3/Eigen/Dense:1[m[K,
                 from [01m[K/opt/ros/melodic/include/xpp_states/state.h:34[m[K,
                 from [01m[K/opt/ros/melodic/include/xpp_states/robot_state_cartesian.h:33[m[K,
                 from [01m[K/home/rrqq/towr_workspace/src/towr/towr_ros/include/towr_ros/towr_ros_interface.h:38[m[K,
                 from [01m[K/home/rrqq/towr_workspace/src/towr/towr_ros/src/towr_ros_interface.cc:30[m[K:
[01m[K/usr/include/eigen3/Eigen/src/Core/PlainObjectBase.h:160:39:[m[K [01;36m[Knote: [m[Kcandidate: const Scalar& Eigen::PlainObjectBase<Derived>::coeff(Eigen::Index, Eigen::Index) const [with Derived = Eigen::Matrix<double, 3, 1>; Eigen::PlainObjectBase<Derived>::Scalar = double; Eigen::Index = long int]
     EIGEN_STRONG_INLINE const Scalar& [01;36m[Kcoeff[m[K(Index rowId, Index colId) const
                                       [01;36m[K^~~~~[m[K
[01m[K/usr/include/eigen3/Eigen/src/Core/PlainObjectBase.h:160:39:[m[K [01;36m[Knote: [m[K  candidate expects 2 arguments, 0 provided
[01m[K/usr/include/eigen3/Eigen/src/Core/PlainObjectBase.h:173:39:[m[K [01;36m[Knote: [m[Kcandidate: const Scalar& Eigen::PlainObjectBase<Derived>::coeff(Eigen::Index) const [with Derived = Eigen::Matrix<double, 3, 1>; Eigen::PlainObjectBase<Derived>::Scalar = double; Eigen::Index = long int]
     EIGEN_STRONG_INLINE const Scalar& [01;36m[Kcoeff[m[K(Index index) const
                                       [01;36m[K^~~~~[m[K
[01m[K/usr/include/eigen3/Eigen/src/Core/PlainObjectBase.h:173:39:[m[K [01;36m[Knote: [m[K  candidate expects 1 argument, 0 provided
[01m[K/home/rrqq/towr_workspace/src/towr/towr_ros/src/towr_ros_interface.cc:245:38:[m[K [01;31m[Kerror: [m[Kno matching function for call to ‘[01m[KEigen::Matrix<double, 3, 1>::coeff()[m[K’
         wz = state.base_.ang.w.coeff([01;31m[K)[m[K[2];
                                      [01;31m[K^[m[K
In file included from [01m[K/usr/include/eigen3/Eigen/Core:437:0[m[K,
                 from [01m[K/usr/include/eigen3/Eigen/Dense:1[m[K,
                 from [01m[K/opt/ros/melodic/include/xpp_states/state.h:34[m[K,
                 from [01m[K/opt/ros/melodic/include/xpp_states/robot_state_cartesian.h:33[m[K,
                 from [01m[K/home/rrqq/towr_workspace/src/towr/towr_ros/include/towr_ros/towr_ros_interface.h:38[m[K,
                 from [01m[K/home/rrqq/towr_workspace/src/towr/towr_ros/src/towr_ros_interface.cc:30[m[K:
[01m[K/usr/include/eigen3/Eigen/src/Core/PlainObjectBase.h:160:39:[m[K [01;36m[Knote: [m[Kcandidate: const Scalar& Eigen::PlainObjectBase<Derived>::coeff(Eigen::Index, Eigen::Index) const [with Derived = Eigen::Matrix<double, 3, 1>; Eigen::PlainObjectBase<Derived>::Scalar = double; Eigen::Index = long int]
     EIGEN_STRONG_INLINE const Scalar& [01;36m[Kcoeff[m[K(Index rowId, Index colId) const
                                       [01;36m[K^~~~~[m[K
[01m[K/usr/include/eigen3/Eigen/src/Core/PlainObjectBase.h:160:39:[m[K [01;36m[Knote: [m[K  candidate expects 2 arguments, 0 provided
[01m[K/usr/include/eigen3/Eigen/src/Core/PlainObjectBase.h:173:39:[m[K [01;36m[Knote: [m[Kcandidate: const Scalar& Eigen::PlainObjectBase<Derived>::coeff(Eigen::Index) const [with Derived = Eigen::Matrix<double, 3, 1>; Eigen::PlainObjectBase<Derived>::Scalar = double; Eigen::Index = long int]
     EIGEN_STRONG_INLINE const Scalar& [01;36m[Kcoeff[m[K(Index index) const
                                       [01;36m[K^~~~~[m[K
[01m[K/usr/include/eigen3/Eigen/src/Core/PlainObjectBase.h:173:39:[m[K [01;36m[Knote: [m[K  candidate expects 1 argument, 0 provided
[01m[K/home/rrqq/towr_workspace/src/towr/towr_ros/src/towr_ros_interface.cc:248:40:[m[K [01;31m[Kerror: [m[Kno matching function for call to ‘[01m[KEigen::Matrix<double, 3, 1>::coeff()[m[K’
         wxd = state.base_.ang.wd.coeff([01;31m[K)[m[K[0];
                                        [01;31m[K^[m[K
In file included from [01m[K/usr/include/eigen3/Eigen/Core:437:0[m[K,
                 from [01m[K/usr/include/eigen3/Eigen/Dense:1[m[K,
                 from [01m[K/opt/ros/melodic/include/xpp_states/state.h:34[m[K,
                 from [01m[K/opt/ros/melodic/include/xpp_states/robot_state_cartesian.h:33[m[K,
                 from [01m[K/home/rrqq/towr_workspace/src/towr/towr_ros/include/towr_ros/towr_ros_interface.h:38[m[K,
                 from [01m[K/home/rrqq/towr_workspace/src/towr/towr_ros/src/towr_ros_interface.cc:30[m[K:
[01m[K/usr/include/eigen3/Eigen/src/Core/PlainObjectBase.h:160:39:[m[K [01;36m[Knote: [m[Kcandidate: const Scalar& Eigen::PlainObjectBase<Derived>::coeff(Eigen::Index, Eigen::Index) const [with Derived = Eigen::Matrix<double, 3, 1>; Eigen::PlainObjectBase<Derived>::Scalar = double; Eigen::Index = long int]
     EIGEN_STRONG_INLINE const Scalar& [01;36m[Kcoeff[m[K(Index rowId, Index colId) const
                                       [01;36m[K^~~~~[m[K
[01m[K/usr/include/eigen3/Eigen/src/Core/PlainObjectBase.h:160:39:[m[K [01;36m[Knote: [m[K  candidate expects 2 arguments, 0 provided
[01m[K/usr/include/eigen3/Eigen/src/Core/PlainObjectBase.h:173:39:[m[K [01;36m[Knote: [m[Kcandidate: const Scalar& Eigen::PlainObjectBase<Derived>::coeff(Eigen::Index) const [with Derived = Eigen::Matrix<double, 3, 1>; Eigen::PlainObjectBase<Derived>::Scalar = double; Eigen::Index = long int]
     EIGEN_STRONG_INLINE const Scalar& [01;36m[Kcoeff[m[K(Index index) const
                                       [01;36m[K^~~~~[m[K
[01m[K/usr/include/eigen3/Eigen/src/Core/PlainObjectBase.h:173:39:[m[K [01;36m[Knote: [m[K  candidate expects 1 argument, 0 provided
[01m[K/home/rrqq/towr_workspace/src/towr/towr_ros/src/towr_ros_interface.cc:249:40:[m[K [01;31m[Kerror: [m[Kno matching function for call to ‘[01m[KEigen::Matrix<double, 3, 1>::coeff()[m[K’
         wyd = state.base_.ang.wd.coeff([01;31m[K)[m[K[1];
                                        [01;31m[K^[m[K
In file included from [01m[K/usr/include/eigen3/Eigen/Core:437:0[m[K,
                 from [01m[K/usr/include/eigen3/Eigen/Dense:1[m[K,
                 from [01m[K/opt/ros/melodic/include/xpp_states/state.h:34[m[K,
                 from [01m[K/opt/ros/melodic/include/xpp_states/robot_state_cartesian.h:33[m[K,
                 from [01m[K/home/rrqq/towr_workspace/src/towr/towr_ros/include/towr_ros/towr_ros_interface.h:38[m[K,
                 from [01m[K/home/rrqq/towr_workspace/src/towr/towr_ros/src/towr_ros_interface.cc:30[m[K:
[01m[K/usr/include/eigen3/Eigen/src/Core/PlainObjectBase.h:160:39:[m[K [01;36m[Knote: [m[Kcandidate: const Scalar& Eigen::PlainObjectBase<Derived>::coeff(Eigen::Index, Eigen::Index) const [with Derived = Eigen::Matrix<double, 3, 1>; Eigen::PlainObjectBase<Derived>::Scalar = double; Eigen::Index = long int]
     EIGEN_STRONG_INLINE const Scalar& [01;36m[Kcoeff[m[K(Index rowId, Index colId) const
                                       [01;36m[K^~~~~[m[K
[01m[K/usr/include/eigen3/Eigen/src/Core/PlainObjectBase.h:160:39:[m[K [01;36m[Knote: [m[K  candidate expects 2 arguments, 0 provided
[01m[K/usr/include/eigen3/Eigen/src/Core/PlainObjectBase.h:173:39:[m[K [01;36m[Knote: [m[Kcandidate: const Scalar& Eigen::PlainObjectBase<Derived>::coeff(Eigen::Index) const [with Derived = Eigen::Matrix<double, 3, 1>; Eigen::PlainObjectBase<Derived>::Scalar = double; Eigen::Index = long int]
     EIGEN_STRONG_INLINE const Scalar& [01;36m[Kcoeff[m[K(Index index) const
                                       [01;36m[K^~~~~[m[K
[01m[K/usr/include/eigen3/Eigen/src/Core/PlainObjectBase.h:173:39:[m[K [01;36m[Knote: [m[K  candidate expects 1 argument, 0 provided
[01m[K/home/rrqq/towr_workspace/src/towr/towr_ros/src/towr_ros_interface.cc:250:40:[m[K [01;31m[Kerror: [m[Kno matching function for call to ‘[01m[KEigen::Matrix<double, 3, 1>::coeff()[m[K’
         wzd = state.base_.ang.wd.coeff([01;31m[K)[m[K[2];
                                        [01;31m[K^[m[K
In file included from [01m[K/usr/include/eigen3/Eigen/Core:437:0[m[K,
                 from [01m[K/usr/include/eigen3/Eigen/Dense:1[m[K,
                 from [01m[K/opt/ros/melodic/include/xpp_states/state.h:34[m[K,
                 from [01m[K/opt/ros/melodic/include/xpp_states/robot_state_cartesian.h:33[m[K,
                 from [01m[K/home/rrqq/towr_workspace/src/towr/towr_ros/include/towr_ros/towr_ros_interface.h:38[m[K,
                 from [01m[K/home/rrqq/towr_workspace/src/towr/towr_ros/src/towr_ros_interface.cc:30[m[K:
[01m[K/usr/include/eigen3/Eigen/src/Core/PlainObjectBase.h:160:39:[m[K [01;36m[Knote: [m[Kcandidate: const Scalar& Eigen::PlainObjectBase<Derived>::coeff(Eigen::Index, Eigen::Index) const [with Derived = Eigen::Matrix<double, 3, 1>; Eigen::PlainObjectBase<Derived>::Scalar = double; Eigen::Index = long int]
     EIGEN_STRONG_INLINE const Scalar& [01;36m[Kcoeff[m[K(Index rowId, Index colId) const
                                       [01;36m[K^~~~~[m[K
[01m[K/usr/include/eigen3/Eigen/src/Core/PlainObjectBase.h:160:39:[m[K [01;36m[Knote: [m[K  candidate expects 2 arguments, 0 provided
[01m[K/usr/include/eigen3/Eigen/src/Core/PlainObjectBase.h:173:39:[m[K [01;36m[Knote: [m[Kcandidate: const Scalar& Eigen::PlainObjectBase<Derived>::coeff(Eigen::Index) const [with Derived = Eigen::Matrix<double, 3, 1>; Eigen::PlainObjectBase<Derived>::Scalar = double; Eigen::Index = long int]
     EIGEN_STRONG_INLINE const Scalar& [01;36m[Kcoeff[m[K(Index index) const
                                       [01;36m[K^~~~~[m[K
[01m[K/usr/include/eigen3/Eigen/src/Core/PlainObjectBase.h:173:39:[m[K [01;36m[Knote: [m[K  candidate expects 1 argument, 0 provided
[01m[K/home/rrqq/towr_workspace/src/towr/towr_ros/src/towr_ros_interface.cc:[m[K At global scope:
[01m[K/home/rrqq/towr_workspace/src/towr/towr_ros/src/towr_ros_interface.cc:342:60:[m[K [01;31m[Kerror: [m[Kno ‘[01m[Kvoid towr::TowrRosInterface::SaveTrajectoryInCSV(const XppVec&) const[m[K’ member function declared in class ‘[01m[Ktowr::TowrRosInterface[m[K’
 TowrRosInterface::SaveTrajectoryInCSV (const XppVec& traj) [01;31m[Kconst[m[K
                                                            [01;31m[K^~~~~[m[K
make[2]: *** [CMakeFiles/towr_ros.dir/src/towr_ros_interface.cc.o] Error 1
make[1]: *** [CMakeFiles/towr_ros.dir/all] Error 2
make: *** [all] Error 2
