In file included from [01m[K/home/rrqq/towr_workspace/src/towr/towr_ros/src/towr_ros_interface.cc:30:0[m[K:
[01m[K/home/rrqq/towr_workspace/src/towr/towr_ros/include/towr_ros/towr_ros_interface.h:[m[K In member function ‘[01m[Kdouble* towr::GoalPublusher::GetGoal()[m[K’:
[01m[K/home/rrqq/towr_workspace/src/towr/towr_ros/include/towr_ros/towr_ros_interface.h:84:9:[m[K [01;31m[Kerror: [m[Kexpected ‘[01m[K;[m[K’ before ‘[01m[Kreturn[m[K’
         [01;31m[Kreturn[m[K goal_set;
         [01;31m[K^~~~~~[m[K
In file included from [01m[K/home/rrqq/towr_workspace/src/towr/towr_ros/src/towr_user_interface.cc:42:0[m[K:
[01m[K/home/rrqq/towr_workspace/src/towr/towr_ros/include/towr_ros/towr_ros_interface.h:[m[K In member function ‘[01m[Kdouble* towr::GoalPublusher::GetGoal()[m[K’:
[01m[K/home/rrqq/towr_workspace/src/towr/towr_ros/include/towr_ros/towr_ros_interface.h:84:9:[m[K [01;31m[Kerror: [m[Kexpected ‘[01m[K;[m[K’ before ‘[01m[Kreturn[m[K’
         [01;31m[Kreturn[m[K goal_set;
         [01;31m[K^~~~~~[m[K
In file included from [01m[K/home/rrqq/towr_workspace/src/towr/towr_ros/src/goal_pose_publisher.cc:39:0[m[K:
[01m[K/home/rrqq/towr_workspace/src/towr/towr_ros/include/towr_ros/towr_ros_interface.h:[m[K In member function ‘[01m[Kdouble* towr::GoalPublusher::GetGoal()[m[K’:
[01m[K/home/rrqq/towr_workspace/src/towr/towr_ros/include/towr_ros/towr_ros_interface.h:84:9:[m[K [01;31m[Kerror: [m[Kexpected ‘[01m[K;[m[K’ before ‘[01m[Kreturn[m[K’
         [01;31m[Kreturn[m[K goal_set;
         [01;31m[K^~~~~~[m[K
In file included from [01m[K/home/rrqq/towr_workspace/src/towr/towr_ros/src/towr_ros_interface.cc:30:0[m[K:
[01m[K/home/rrqq/towr_workspace/src/towr/towr_ros/include/towr_ros/towr_ros_interface.h:[m[K In member function ‘[01m[Kdouble* towr::GoalPublusher::GetGoal()[m[K’:
[01m[K/home/rrqq/towr_workspace/src/towr/towr_ros/include/towr_ros/towr_ros_interface.h:84:9:[m[K [01;31m[Kerror: [m[Kexpected ‘[01m[K;[m[K’ before ‘[01m[Kreturn[m[K’
         [01;31m[Kreturn[m[K goal_set;
         [01;31m[K^~~~~~[m[K
make[2]: *** [CMakeFiles/towr_user_interface.dir/src/towr_user_interface.cc.o] Error 1
make[2]: *** Waiting for unfinished jobs....
make[2]: *** [CMakeFiles/towr_ros.dir/src/goal_pose_publisher.cc.o] Error 1
make[2]: *** Waiting for unfinished jobs....
make[2]: *** [CMakeFiles/towr_user_interface.dir/src/towr_ros_interface.cc.o] Error 1
make[1]: *** [CMakeFiles/towr_user_interface.dir/all] Error 2
make[1]: *** Waiting for unfinished jobs....
make[2]: *** [CMakeFiles/towr_ros.dir/src/towr_ros_interface.cc.o] Error 1
make[1]: *** [CMakeFiles/towr_ros.dir/all] Error 2
make: *** [all] Error 2
