In file included from [01m[K/home/rrqq/towr_workspace/src/towr/towr_ros/src/goal_pose_publisher.cc:39:0[m[K:
[01m[K/home/rrqq/towr_workspace/src/towr/towr_ros/include/towr_ros/towr_ros_interface.h:88:9:[m[K [01;31m[Kerror: [m[Kexpected unqualified-id before ‘[01m[Kreturn[m[K’
         [01;31m[Kreturn[m[K
         [01;31m[K^~~~~~[m[K
[01m[K/home/rrqq/towr_workspace/src/towr/towr_ros/include/towr_ros/towr_ros_interface.h:89:6:[m[K [01;31m[Kerror: [m[Kexpected ‘[01m[K;[m[K’ after class definition
     }
      [01;31m[K^[m[K
      [32m[K;[m[K
[01m[K/home/rrqq/towr_workspace/src/towr/towr_ros/include/towr_ros/towr_ros_interface.h:91:1:[m[K [01;31m[Kerror: [m[Kexpected unqualified-id before ‘[01m[Kprotected[m[K’
 [01;31m[Kprotected[m[K:
 [01;31m[K^~~~~~~~~[m[K
[01m[K/home/rrqq/towr_workspace/src/towr/towr_ros/include/towr_ros/towr_ros_interface.h:93:32:[m[K [01;31m[Kerror: [m[Kdeclaration of ‘[01m[K~towr::TowrRosInterface[m[K’ as non-member
     virtual ~TowrRosInterface ([01;31m[K)[m[K = default;
                                [01;31m[K^[m[K
[01m[K/home/rrqq/towr_workspace/src/towr/towr_ros/include/towr_ros/towr_ros_interface.h:98:5:[m[K [01;31m[Kerror: [m[K‘[01m[Kvirtual[m[K’ outside class declaration
     [01;31m[Kvirtual[m[K void SetTowrInitialState() = 0;
     [01;31m[K^~~~~~~[m[K
[01m[K/home/rrqq/towr_workspace/src/towr/towr_ros/include/towr_ros/towr_ros_interface.h:98:42:[m[K [01;31m[Kerror: [m[Kfunction ‘[01m[Kvoid towr::SetTowrInitialState()[m[K’ is initialized like a variable
     virtual void SetTowrInitialState() = [01;31m[K0[m[K;
                                          [01;31m[K^[m[K
[01m[K/home/rrqq/towr_workspace/src/towr/towr_ros/include/towr_ros/towr_ros_interface.h:107:58:[m[K [01;31m[Kerror: [m[K‘[01m[KTowrCommandMsg[m[K’ does not name a type
     virtual Parameters GetTowrParameters(int n_ee, const [01;31m[KTowrCommandMsg[m[K& msg) const = 0;
                                                          [01;31m[K^~~~~~~~~~~~~~[m[K
[01m[K/home/rrqq/towr_workspace/src/towr/towr_ros/include/towr_ros/towr_ros_interface.h:107:5:[m[K [01;31m[Kerror: [m[K‘[01m[Kvirtual[m[K’ outside class declaration
     [01;31m[Kvirtual[m[K Parameters GetTowrParameters(int n_ee, const TowrCommandMsg& msg) const = 0;
     [01;31m[K^~~~~~~[m[K
[01m[K/home/rrqq/towr_workspace/src/towr/towr_ros/include/towr_ros/towr_ros_interface.h:107:79:[m[K [01;31m[Kerror: [m[Knon-member function ‘[01m[Ktowr::Parameters towr::GetTowrParameters(int, const int&)[m[K’ cannot have cv-qualifier
     virtual Parameters GetTowrParameters(int n_ee, const TowrCommandMsg& msg) [01;31m[Kconst[m[K = 0;
                                                                               [01;31m[K^~~~~[m[K
[01m[K/home/rrqq/towr_workspace/src/towr/towr_ros/include/towr_ros/towr_ros_interface.h:107:87:[m[K [01;31m[Kerror: [m[Kfunction ‘[01m[Ktowr::Parameters towr::GetTowrParameters(int, const int&)[m[K’ is initialized like a variable
     virtual Parameters GetTowrParameters(int n_ee, const TowrCommandMsg& msg) const = [01;31m[K0[m[K;
                                                                                       [01;31m[K^[m[K
In file included from [01m[K/home/rrqq/towr_workspace/src/towr/towr_ros/src/towr_ros_interface.cc:30:0[m[K:
[01m[K/home/rrqq/towr_workspace/src/towr/towr_ros/include/towr_ros/towr_ros_interface.h:88:9:[m[K [01;31m[Kerror: [m[Kexpected unqualified-id before ‘[01m[Kreturn[m[K’
         [01;31m[Kreturn[m[K
         [01;31m[K^~~~~~[m[K
[01m[K/home/rrqq/towr_workspace/src/towr/towr_ros/include/towr_ros/towr_ros_interface.h:89:6:[m[K [01;31m[Kerror: [m[Kexpected ‘[01m[K;[m[K’ after class definition
     }
      [01;31m[K^[m[K
      [32m[K;[m[K
[01m[K/home/rrqq/towr_workspace/src/towr/towr_ros/include/towr_ros/towr_ros_interface.h:91:1:[m[K [01;31m[Kerror: [m[Kexpected unqualified-id before ‘[01m[Kprotected[m[K’
 [01;31m[Kprotected[m[K:
 [01;31m[K^~~~~~~~~[m[K
[01m[K/home/rrqq/towr_workspace/src/towr/towr_ros/include/towr_ros/towr_ros_interface.h:93:32:[m[K [01;31m[Kerror: [m[Kdeclaration of ‘[01m[K~towr::TowrRosInterface[m[K’ as non-member
     virtual ~TowrRosInterface ([01;31m[K)[m[K = default;
                                [01;31m[K^[m[K
[01m[K/home/rrqq/towr_workspace/src/towr/towr_ros/include/towr_ros/towr_ros_interface.h:98:5:[m[K [01;31m[Kerror: [m[K‘[01m[Kvirtual[m[K’ outside class declaration
     [01;31m[Kvirtual[m[K void SetTowrInitialState() = 0;
     [01;31m[K^~~~~~~[m[K
[01m[K/home/rrqq/towr_workspace/src/towr/towr_ros/include/towr_ros/towr_ros_interface.h:98:42:[m[K [01;31m[Kerror: [m[Kfunction ‘[01m[Kvoid towr::SetTowrInitialState()[m[K’ is initialized like a variable
     virtual void SetTowrInitialState() = [01;31m[K0[m[K;
                                          [01;31m[K^[m[K
[01m[K/home/rrqq/towr_workspace/src/towr/towr_ros/include/towr_ros/towr_ros_interface.h:113:43:[m[K [01;31m[Kerror: [m[K‘[01m[KTowrCommandMsg[m[K’ does not name a type
     virtual void SetIpoptParameters(const [01;31m[KTowrCommandMsg[m[K& msg) = 0;
                                           [01;31m[K^~~~~~~~~~~~~~[m[K
[01m[K/home/rrqq/towr_workspace/src/towr/towr_ros/include/towr_ros/towr_ros_interface.h:113:5:[m[K [01;31m[Kerror: [m[K‘[01m[Kvirtual[m[K’ outside class declaration
     [01;31m[Kvirtual[m[K void SetIpoptParameters(const TowrCommandMsg& msg) = 0;
     [01;31m[K^~~~~~~[m[K
[01m[K/home/rrqq/towr_workspace/src/towr/towr_ros/include/towr_ros/towr_ros_interface.h:113:66:[m[K [01;31m[Kerror: [m[Kfunction ‘[01m[Kvoid towr::SetIpoptParameters(const int&)[m[K’ is initialized like a variable
     virtual void SetIpoptParameters(const TowrCommandMsg& msg) = [01;31m[K0[m[K;
                                                                  [01;31m[K^[m[K
[01m[K/home/rrqq/towr_workspace/src/towr/towr_ros/include/towr_ros/towr_ros_interface.h:107:58:[m[K [01;31m[Kerror: [m[K‘[01m[KTowrCommandMsg[m[K’ does not name a type
     virtual Parameters GetTowrParameters(int n_ee, const [01;31m[KTowrCommandMsg[m[K& msg) const = 0;
                                                          [01;31m[K^~~~~~~~~~~~~~[m[K
[01m[K/home/rrqq/towr_workspace/src/towr/towr_ros/include/towr_ros/towr_ros_interface.h:107:5:[m[K [01;31m[Kerror: [m[K‘[01m[Kvirtual[m[K’ outside class declaration
     [01;31m[Kvirtual[m[K Parameters GetTowrParameters(int n_ee, const TowrCommandMsg& msg) const = 0;
     [01;31m[K^~~~~~~[m[K
[01m[K/home/rrqq/towr_workspace/src/towr/towr_ros/include/towr_ros/towr_ros_interface.h:107:79:[m[K [01;31m[Kerror: [m[Knon-member function ‘[01m[Ktowr::Parameters towr::GetTowrParameters(int, const int&)[m[K’ cannot have cv-qualifier
     virtual Parameters GetTowrParameters(int n_ee, const TowrCommandMsg& msg) [01;31m[Kconst[m[K = 0;
                                                                               [01;31m[K^~~~~[m[K
[01m[K/home/rrqq/towr_workspace/src/towr/towr_ros/include/towr_ros/towr_ros_interface.h:107:87:[m[K [01;31m[Kerror: [m[Kfunction ‘[01m[Ktowr::Parameters towr::GetTowrParameters(int, const int&)[m[K’ is initialized like a variable
     virtual Parameters GetTowrParameters(int n_ee, const TowrCommandMsg& msg) const = [01;31m[K0[m[K;
                                                                                       [01;31m[K^[m[K
[01m[K/home/rrqq/towr_workspace/src/towr/towr_ros/include/towr_ros/towr_ros_interface.h:118:1:[m[K [01;31m[Kerror: [m[Kexpected unqualified-id before ‘[01m[Kprivate[m[K’
 [01;31m[Kprivate[m[K:
 [01;31m[K^~~~~~~[m[K
[01m[K/home/rrqq/towr_workspace/src/towr/towr_ros/include/towr_ros/towr_ros_interface.h:113:43:[m[K [01;31m[Kerror: [m[K‘[01m[KTowrCommandMsg[m[K’ does not name a type
     virtual void SetIpoptParameters(const [01;31m[KTowrCommandMsg[m[K& msg) = 0;
                                           [01;31m[K^~~~~~~~~~~~~~[m[K
[01m[K/home/rrqq/towr_workspace/src/towr/towr_ros/include/towr_ros/towr_ros_interface.h:113:5:[m[K [01;31m[Kerror: [m[K‘[01m[Kvirtual[m[K’ outside class declaration
     [01;31m[Kvirtual[m[K void SetIpoptParameters(const TowrCommandMsg& msg) = 0;
     [01;31m[K^~~~~~~[m[K
[01m[K/home/rrqq/towr_workspace/src/towr/towr_ros/include/towr_ros/towr_ros_interface.h:113:66:[m[K [01;31m[Kerror: [m[Kfunction ‘[01m[Kvoid towr::SetIpoptParameters(const int&)[m[K’ is initialized like a variable
     virtual void SetIpoptParameters(const TowrCommandMsg& msg) = [01;31m[K0[m[K;
                                                                  [01;31m[K^[m[K
[01m[K/home/rrqq/towr_workspace/src/towr/towr_ros/include/towr_ros/towr_ros_interface.h:127:36:[m[K [01;31m[Kerror: [m[K‘[01m[KTowrCommandMsg[m[K’ does not name a type
     void UserCommandCallback(const [01;31m[KTowrCommandMsg[m[K& msg);
                                    [01;31m[K^~~~~~~~~~~~~~[m[K
[01m[K/home/rrqq/towr_workspace/src/towr/towr_ros/include/towr_ros/towr_ros_interface.h:128:5:[m[K [01;31m[Kerror: [m[K‘[01m[KXppVec[m[K’ does not name a type
     [01;31m[KXppVec[m[K GetTrajectory() const;
     [01;31m[K^~~~~~[m[K
[01m[K/home/rrqq/towr_workspace/src/towr/towr_ros/include/towr_ros/towr_ros_interface.h:118:1:[m[K [01;31m[Kerror: [m[Kexpected unqualified-id before ‘[01m[Kprivate[m[K’
 [01;31m[Kprivate[m[K:
 [01;31m[K^~~~~~~[m[K
In file included from [01m[K/home/rrqq/towr_workspace/src/towr/towr_ros/src/towr_user_interface.cc:42:0[m[K:
[01m[K/home/rrqq/towr_workspace/src/towr/towr_ros/include/towr_ros/towr_ros_interface.h:88:9:[m[K [01;31m[Kerror: [m[Kexpected unqualified-id before ‘[01m[Kreturn[m[K’
         [01;31m[Kreturn[m[K
         [01;31m[K^~~~~~[m[K
[01m[K/home/rrqq/towr_workspace/src/towr/towr_ros/include/towr_ros/towr_ros_interface.h:89:6:[m[K [01;31m[Kerror: [m[Kexpected ‘[01m[K;[m[K’ after class definition
     }
      [01;31m[K^[m[K
      [32m[K;[m[K
[01m[K/home/rrqq/towr_workspace/src/towr/towr_ros/include/towr_ros/towr_ros_interface.h:91:1:[m[K [01;31m[Kerror: [m[Kexpected unqualified-id before ‘[01m[Kprotected[m[K’
 [01;31m[Kprotected[m[K:
 [01;31m[K^~~~~~~~~[m[K
[01m[K/home/rrqq/towr_workspace/src/towr/towr_ros/include/towr_ros/towr_ros_interface.h:93:32:[m[K [01;31m[Kerror: [m[Kdeclaration of ‘[01m[K~towr::TowrRosInterface[m[K’ as non-member
     virtual ~TowrRosInterface ([01;31m[K)[m[K = default;
                                [01;31m[K^[m[K
[01m[K/home/rrqq/towr_workspace/src/towr/towr_ros/include/towr_ros/towr_ros_interface.h:98:5:[m[K [01;31m[Kerror: [m[K‘[01m[Kvirtual[m[K’ outside class declaration
     [01;31m[Kvirtual[m[K void SetTowrInitialState() = 0;
     [01;31m[K^~~~~~~[m[K
[01m[K/home/rrqq/towr_workspace/src/towr/towr_ros/include/towr_ros/towr_ros_interface.h:98:42:[m[K [01;31m[Kerror: [m[Kfunction ‘[01m[Kvoid towr::SetTowrInitialState()[m[K’ is initialized like a variable
     virtual void SetTowrInitialState() = [01;31m[K0[m[K;
                                          [01;31m[K^[m[K
[01m[K/home/rrqq/towr_workspace/src/towr/towr_ros/include/towr_ros/towr_ros_interface.h:129:42:[m[K [01;31m[Kerror: [m[K‘[01m[KTowrCommandMsg[m[K’ does not name a type
     virtual BaseState GetGoalState(const [01;31m[KTowrCommandMsg[m[K& msg) const;
                                          [01;31m[K^~~~~~~~~~~~~~[m[K
[01m[K/home/rrqq/towr_workspace/src/towr/towr_ros/include/towr_ros/towr_ros_interface.h:129:5:[m[K [01;31m[Kerror: [m[K‘[01m[Kvirtual[m[K’ outside class declaration
     [01;31m[Kvirtual[m[K BaseState GetGoalState(const TowrCommandMsg& msg) const;
     [01;31m[K^~~~~~~[m[K
[01m[K/home/rrqq/towr_workspace/src/towr/towr_ros/include/towr_ros/towr_ros_interface.h:129:63:[m[K [01;31m[Kerror: [m[Knon-member function ‘[01m[Ktowr::BaseState towr::GetGoalState(const int&)[m[K’ cannot have cv-qualifier
     virtual BaseState GetGoalState(const TowrCommandMsg& msg) [01;31m[Kconst[m[K;
                                                               [01;31m[K^~~~~[m[K
[01m[K/home/rrqq/towr_workspace/src/towr/towr_ros/include/towr_ros/towr_ros_interface.h:131:17:[m[K [01;31m[Kerror: [m[K‘[01m[KXppVec[m[K’ was not declared in this scope
     std::vector<[01;31m[KXppVec[m[K>GetIntermediateSolutions();
                 [01;31m[K^~~~~~[m[K
[01m[K/home/rrqq/towr_workspace/src/towr/towr_ros/include/towr_ros/towr_ros_interface.h:127:36:[m[K [01;31m[Kerror: [m[K‘[01m[KTowrCommandMsg[m[K’ does not name a type
     void UserCommandCallback(const [01;31m[KTowrCommandMsg[m[K& msg);
                                    [01;31m[K^~~~~~~~~~~~~~[m[K
[01m[K/home/rrqq/towr_workspace/src/towr/towr_ros/include/towr_ros/towr_ros_interface.h:131:23:[m[K [01;31m[Kerror: [m[Ktemplate argument 1 is invalid
     std::vector<XppVec[01;31m[K>[m[KGetIntermediateSolutions();
                       [01;31m[K^[m[K
[01m[K/home/rrqq/towr_workspace/src/towr/towr_ros/include/towr_ros/towr_ros_interface.h:131:23:[m[K [01;31m[Kerror: [m[Ktemplate argument 2 is invalid
[01m[K/home/rrqq/towr_workspace/src/towr/towr_ros/include/towr_ros/towr_ros_interface.h:132:80:[m[K [01;31m[Kerror: [m[Knon-member function ‘[01m[Kxpp_msgs::RobotParameters towr::BuildRobotParametersMsg(const towr::RobotModel&)[m[K’ cannot have cv-qualifier
     xpp_msgs::RobotParameters BuildRobotParametersMsg(const RobotModel& model) [01;31m[Kconst[m[K;
                                                                                [01;31m[K^~~~~[m[K
[01m[K/home/rrqq/towr_workspace/src/towr/towr_ros/include/towr_ros/towr_ros_interface.h:128:5:[m[K [01;31m[Kerror: [m[K‘[01m[KXppVec[m[K’ does not name a type
     [01;31m[KXppVec[m[K GetTrajectory() const;
     [01;31m[K^~~~~~[m[K
[01m[K/home/rrqq/towr_workspace/src/towr/towr_ros/include/towr_ros/towr_ros_interface.h:107:58:[m[K [01;31m[Kerror: [m[K‘[01m[KTowrCommandMsg[m[K’ does not name a type
     virtual Parameters GetTowrParameters(int n_ee, const [01;31m[KTowrCommandMsg[m[K& msg) const = 0;
                                                          [01;31m[K^~~~~~~~~~~~~~[m[K
[01m[K/home/rrqq/towr_workspace/src/towr/towr_ros/include/towr_ros/towr_ros_interface.h:107:5:[m[K [01;31m[Kerror: [m[K‘[01m[Kvirtual[m[K’ outside class declaration
     [01;31m[Kvirtual[m[K Parameters GetTowrParameters(int n_ee, const TowrCommandMsg& msg) const = 0;
     [01;31m[K^~~~~~~[m[K
[01m[K/home/rrqq/towr_workspace/src/towr/towr_ros/include/towr_ros/towr_ros_interface.h:107:79:[m[K [01;31m[Kerror: [m[Knon-member function ‘[01m[Ktowr::Parameters towr::GetTowrParameters(int, const int&)[m[K’ cannot have cv-qualifier
     virtual Parameters GetTowrParameters(int n_ee, const TowrCommandMsg& msg) [01;31m[Kconst[m[K = 0;
                                                                               [01;31m[K^~~~~[m[K
[01m[K/home/rrqq/towr_workspace/src/towr/towr_ros/include/towr_ros/towr_ros_interface.h:107:87:[m[K [01;31m[Kerror: [m[Kfunction ‘[01m[Ktowr::Parameters towr::GetTowrParameters(int, const int&)[m[K’ is initialized like a variable
     virtual Parameters GetTowrParameters(int n_ee, const TowrCommandMsg& msg) const = [01;31m[K0[m[K;
                                                                                       [01;31m[K^[m[K
[01m[K/home/rrqq/towr_workspace/src/towr/towr_ros/include/towr_ros/towr_ros_interface.h:135:43:[m[K [01;31m[Kerror: [m[K‘[01m[KTowrCommandMsg[m[K’ does not name a type
                                     const [01;31m[KTowrCommandMsg[m[K user_command_msg,
                                           [01;31m[K^~~~~~~~~~~~~~[m[K
[01m[K/home/rrqq/towr_workspace/src/towr/towr_ros/include/towr_ros/towr_ros_interface.h:139:59:[m[K [01;31m[Kerror: [m[Knon-member function ‘[01m[Kvoid towr::SaveTrajectoryInRosbag(rosbag::Bag&, const std::vector<xpp::RobotStateCartesian>&, const string&)[m[K’ cannot have cv-qualifier
                                 const std::string& topic) [01;31m[Kconst[m[K;
                                                           [01;31m[K^~~~~[m[K
[01m[K/home/rrqq/towr_workspace/src/towr/towr_ros/include/towr_ros/towr_ros_interface.h:142:1:[m[K [01;31m[Kerror: [m[Kexpected declaration before ‘[01m[K}[m[K’ token
 [01;31m[K}[m[K /* namespace towr */
 [01;31m[K^[m[K
[01m[K/home/rrqq/towr_workspace/src/towr/towr_ros/include/towr_ros/towr_ros_interface.h:129:42:[m[K [01;31m[Kerror: [m[K‘[01m[KTowrCommandMsg[m[K’ does not name a type
     virtual BaseState GetGoalState(const [01;31m[KTowrCommandMsg[m[K& msg) const;
                                          [01;31m[K^~~~~~~~~~~~~~[m[K
[01m[K/home/rrqq/towr_workspace/src/towr/towr_ros/include/towr_ros/towr_ros_interface.h:129:5:[m[K [01;31m[Kerror: [m[K‘[01m[Kvirtual[m[K’ outside class declaration
     [01;31m[Kvirtual[m[K BaseState GetGoalState(const TowrCommandMsg& msg) const;
     [01;31m[K^~~~~~~[m[K
[01m[K/home/rrqq/towr_workspace/src/towr/towr_ros/include/towr_ros/towr_ros_interface.h:129:63:[m[K [01;31m[Kerror: [m[Knon-member function ‘[01m[Ktowr::BaseState towr::GetGoalState(const int&)[m[K’ cannot have cv-qualifier
     virtual BaseState GetGoalState(const TowrCommandMsg& msg) [01;31m[Kconst[m[K;
                                                               [01;31m[K^~~~~[m[K
[01m[K/home/rrqq/towr_workspace/src/towr/towr_ros/include/towr_ros/towr_ros_interface.h:131:17:[m[K [01;31m[Kerror: [m[K‘[01m[KXppVec[m[K’ was not declared in this scope
     std::vector<[01;31m[KXppVec[m[K>GetIntermediateSolutions();
                 [01;31m[K^~~~~~[m[K
[01m[K/home/rrqq/towr_workspace/src/towr/towr_ros/include/towr_ros/towr_ros_interface.h:131:23:[m[K [01;31m[Kerror: [m[Ktemplate argument 1 is invalid
     std::vector<XppVec[01;31m[K>[m[KGetIntermediateSolutions();
                       [01;31m[K^[m[K
[01m[K/home/rrqq/towr_workspace/src/towr/towr_ros/include/towr_ros/towr_ros_interface.h:131:23:[m[K [01;31m[Kerror: [m[Ktemplate argument 2 is invalid
[01m[K/home/rrqq/towr_workspace/src/towr/towr_ros/include/towr_ros/towr_ros_interface.h:132:80:[m[K [01;31m[Kerror: [m[Knon-member function ‘[01m[Kxpp_msgs::RobotParameters towr::BuildRobotParametersMsg(const towr::RobotModel&)[m[K’ cannot have cv-qualifier
     xpp_msgs::RobotParameters BuildRobotParametersMsg(const RobotModel& model) [01;31m[Kconst[m[K;
                                                                                [01;31m[K^~~~~[m[K
[01m[K/home/rrqq/towr_workspace/src/towr/towr_ros/include/towr_ros/towr_ros_interface.h:113:43:[m[K [01;31m[Kerror: [m[K‘[01m[KTowrCommandMsg[m[K’ does not name a type
     virtual void SetIpoptParameters(const [01;31m[KTowrCommandMsg[m[K& msg) = 0;
                                           [01;31m[K^~~~~~~~~~~~~~[m[K
[01m[K/home/rrqq/towr_workspace/src/towr/towr_ros/include/towr_ros/towr_ros_interface.h:113:5:[m[K [01;31m[Kerror: [m[K‘[01m[Kvirtual[m[K’ outside class declaration
     [01;31m[Kvirtual[m[K void SetIpoptParameters(const TowrCommandMsg& msg) = 0;
     [01;31m[K^~~~~~~[m[K
[01m[K/home/rrqq/towr_workspace/src/towr/towr_ros/include/towr_ros/towr_ros_interface.h:113:66:[m[K [01;31m[Kerror: [m[Kfunction ‘[01m[Kvoid towr::SetIpoptParameters(const int&)[m[K’ is initialized like a variable
     virtual void SetIpoptParameters(const TowrCommandMsg& msg) = [01;31m[K0[m[K;
                                                                  [01;31m[K^[m[K
[01m[K/home/rrqq/towr_workspace/src/towr/towr_ros/include/towr_ros/towr_ros_interface.h:135:43:[m[K [01;31m[Kerror: [m[K‘[01m[KTowrCommandMsg[m[K’ does not name a type
                                     const [01;31m[KTowrCommandMsg[m[K user_command_msg,
                                           [01;31m[K^~~~~~~~~~~~~~[m[K
[01m[K/home/rrqq/towr_workspace/src/towr/towr_ros/include/towr_ros/towr_ros_interface.h:139:59:[m[K [01;31m[Kerror: [m[Knon-member function ‘[01m[Kvoid towr::SaveTrajectoryInRosbag(rosbag::Bag&, const std::vector<xpp::RobotStateCartesian>&, const string&)[m[K’ cannot have cv-qualifier
                                 const std::string& topic) [01;31m[Kconst[m[K;
                                                           [01;31m[K^~~~~[m[K
[01m[K/home/rrqq/towr_workspace/src/towr/towr_ros/include/towr_ros/towr_ros_interface.h:142:1:[m[K [01;31m[Kerror: [m[Kexpected declaration before ‘[01m[K}[m[K’ token
 [01;31m[K}[m[K /* namespace towr */
 [01;31m[K^[m[K
[01m[K/home/rrqq/towr_workspace/src/towr/towr_ros/include/towr_ros/towr_ros_interface.h:118:1:[m[K [01;31m[Kerror: [m[Kexpected unqualified-id before ‘[01m[Kprivate[m[K’
 [01;31m[Kprivate[m[K:
 [01;31m[K^~~~~~~[m[K
[01m[K/home/rrqq/towr_workspace/src/towr/towr_ros/include/towr_ros/towr_ros_interface.h:127:36:[m[K [01;31m[Kerror: [m[K‘[01m[KTowrCommandMsg[m[K’ does not name a type
     void UserCommandCallback(const [01;31m[KTowrCommandMsg[m[K& msg);
                                    [01;31m[K^~~~~~~~~~~~~~[m[K
[01m[K/home/rrqq/towr_workspace/src/towr/towr_ros/include/towr_ros/towr_ros_interface.h:128:5:[m[K [01;31m[Kerror: [m[K‘[01m[KXppVec[m[K’ does not name a type
     [01;31m[KXppVec[m[K GetTrajectory() const;
     [01;31m[K^~~~~~[m[K
[01m[K/home/rrqq/towr_workspace/src/towr/towr_ros/include/towr_ros/towr_ros_interface.h:129:42:[m[K [01;31m[Kerror: [m[K‘[01m[KTowrCommandMsg[m[K’ does not name a type
     virtual BaseState GetGoalState(const [01;31m[KTowrCommandMsg[m[K& msg) const;
                                          [01;31m[K^~~~~~~~~~~~~~[m[K
[01m[K/home/rrqq/towr_workspace/src/towr/towr_ros/include/towr_ros/towr_ros_interface.h:129:5:[m[K [01;31m[Kerror: [m[K‘[01m[Kvirtual[m[K’ outside class declaration
     [01;31m[Kvirtual[m[K BaseState GetGoalState(const TowrCommandMsg& msg) const;
     [01;31m[K^~~~~~~[m[K
[01m[K/home/rrqq/towr_workspace/src/towr/towr_ros/include/towr_ros/towr_ros_interface.h:129:63:[m[K [01;31m[Kerror: [m[Knon-member function ‘[01m[Ktowr::BaseState towr::GetGoalState(const int&)[m[K’ cannot have cv-qualifier
     virtual BaseState GetGoalState(const TowrCommandMsg& msg) [01;31m[Kconst[m[K;
                                                               [01;31m[K^~~~~[m[K
[01m[K/home/rrqq/towr_workspace/src/towr/towr_ros/include/towr_ros/towr_ros_interface.h:131:17:[m[K [01;31m[Kerror: [m[K‘[01m[KXppVec[m[K’ was not declared in this scope
     std::vector<[01;31m[KXppVec[m[K>GetIntermediateSolutions();
                 [01;31m[K^~~~~~[m[K
[01m[K/home/rrqq/towr_workspace/src/towr/towr_ros/include/towr_ros/towr_ros_interface.h:131:23:[m[K [01;31m[Kerror: [m[Ktemplate argument 1 is invalid
     std::vector<XppVec[01;31m[K>[m[KGetIntermediateSolutions();
                       [01;31m[K^[m[K
[01m[K/home/rrqq/towr_workspace/src/towr/towr_ros/include/towr_ros/towr_ros_interface.h:131:23:[m[K [01;31m[Kerror: [m[Ktemplate argument 2 is invalid
[01m[K/home/rrqq/towr_workspace/src/towr/towr_ros/include/towr_ros/towr_ros_interface.h:132:80:[m[K [01;31m[Kerror: [m[Knon-member function ‘[01m[Kxpp_msgs::RobotParameters towr::BuildRobotParametersMsg(const towr::RobotModel&)[m[K’ cannot have cv-qualifier
     xpp_msgs::RobotParameters BuildRobotParametersMsg(const RobotModel& model) [01;31m[Kconst[m[K;
                                                                                [01;31m[K^~~~~[m[K
[01m[K/home/rrqq/towr_workspace/src/towr/towr_ros/include/towr_ros/towr_ros_interface.h:135:43:[m[K [01;31m[Kerror: [m[K‘[01m[KTowrCommandMsg[m[K’ does not name a type
                                     const [01;31m[KTowrCommandMsg[m[K user_command_msg,
                                           [01;31m[K^~~~~~~~~~~~~~[m[K
[01m[K/home/rrqq/towr_workspace/src/towr/towr_ros/include/towr_ros/towr_ros_interface.h:139:59:[m[K [01;31m[Kerror: [m[Knon-member function ‘[01m[Kvoid towr::SaveTrajectoryInRosbag(rosbag::Bag&, const std::vector<xpp::RobotStateCartesian>&, const string&)[m[K’ cannot have cv-qualifier
                                 const std::string& topic) [01;31m[Kconst[m[K;
                                                           [01;31m[K^~~~~[m[K
[01m[K/home/rrqq/towr_workspace/src/towr/towr_ros/include/towr_ros/towr_ros_interface.h:142:1:[m[K [01;31m[Kerror: [m[Kexpected declaration before ‘[01m[K}[m[K’ token
 [01;31m[K}[m[K /* namespace towr */
 [01;31m[K^[m[K
make[2]: *** [CMakeFiles/towr_ros.dir/src/towr_ros_interface.cc.o] Error 1
make[2]: *** Waiting for unfinished jobs....
make[2]: *** [CMakeFiles/towr_ros.dir/src/goal_pose_publisher.cc.o] Error 1
make[1]: *** [CMakeFiles/towr_ros.dir/all] Error 2
make[1]: *** Waiting for unfinished jobs....
make[2]: *** [CMakeFiles/towr_user_interface.dir/src/towr_user_interface.cc.o] Error 1
make[1]: *** [CMakeFiles/towr_user_interface.dir/all] Error 2
make: *** [all] Error 2
