Linked: (/home/rrqq/towr_workspace/devel/.private/towr_ros/lib/libtowr_ros.so, /home/rrqq/towr_workspace/devel/lib/libtowr_ros.so)
Linked: (/home/rrqq/towr_workspace/devel/.private/towr_ros/lib/towr_ros/rosbag_geom_msg_extractor, /home/rrqq/towr_workspace/devel/lib/towr_ros/rosbag_geom_msg_extractor)
Linked: (/home/rrqq/towr_workspace/devel/.private/towr_ros/lib/towr_ros/towr_ros_app, /home/rrqq/towr_workspace/devel/lib/towr_ros/towr_ros_app)
Linked: (/home/rrqq/towr_workspace/devel/.private/towr_ros/lib/towr_ros/towr_ros_interface, /home/rrqq/towr_workspace/devel/lib/towr_ros/towr_ros_interface)
Linked: (/home/rrqq/towr_workspace/devel/.private/towr_ros/lib/towr_ros/towr_user_interface, /home/rrqq/towr_workspace/devel/lib/towr_ros/towr_user_interface)
Linked: (/home/rrqq/towr_workspace/devel/.private/towr_ros/lib/towr_ros/goal_pose_publisher, /home/rrqq/towr_workspace/devel/lib/towr_ros/goal_pose_publisher)
Linked: (/home/rrqq/towr_workspace/devel/.private/towr_ros/lib/towr_ros/rviz_terrain_publisher, /home/rrqq/towr_workspace/devel/lib/towr_ros/rviz_terrain_publisher)
Linked: (/home/rrqq/towr_workspace/devel/.private/towr_ros/lib/towr_ros/rosbag_traj_combiner, /home/rrqq/towr_workspace/devel/lib/towr_ros/rosbag_traj_combiner)
Linked: (/home/rrqq/towr_workspace/devel/.private/towr_ros/lib/python2.7/dist-packages/towr_ros/__init__.py, /home/rrqq/towr_workspace/devel/lib/python2.7/dist-packages/towr_ros/__init__.py)
Linked: (/home/rrqq/towr_workspace/devel/.private/towr_ros/lib/python2.7/dist-packages/towr_ros/msg/_TowrCommand.py, /home/rrqq/towr_workspace/devel/lib/python2.7/dist-packages/towr_ros/msg/_TowrCommand.py)
Linked: (/home/rrqq/towr_workspace/devel/.private/towr_ros/lib/python2.7/dist-packages/towr_ros/msg/__init__.py, /home/rrqq/towr_workspace/devel/lib/python2.7/dist-packages/towr_ros/msg/__init__.py)
Linked: (/home/rrqq/towr_workspace/devel/.private/towr_ros/lib/pkgconfig/towr_ros.pc, /home/rrqq/towr_workspace/devel/lib/pkgconfig/towr_ros.pc)
Linked: (/home/rrqq/towr_workspace/devel/.private/towr_ros/share/common-lisp/ros/towr_ros/msg/_package_TowrCommand.lisp, /home/rrqq/towr_workspace/devel/share/common-lisp/ros/towr_ros/msg/_package_TowrCommand.lisp)
Linked: (/home/rrqq/towr_workspace/devel/.private/towr_ros/share/common-lisp/ros/towr_ros/msg/_package.lisp, /home/rrqq/towr_workspace/devel/share/common-lisp/ros/towr_ros/msg/_package.lisp)
Linked: (/home/rrqq/towr_workspace/devel/.private/towr_ros/share/common-lisp/ros/towr_ros/msg/TowrCommand.lisp, /home/rrqq/towr_workspace/devel/share/common-lisp/ros/towr_ros/msg/TowrCommand.lisp)
Linked: (/home/rrqq/towr_workspace/devel/.private/towr_ros/share/common-lisp/ros/towr_ros/msg/towr_ros-msg.asd, /home/rrqq/towr_workspace/devel/share/common-lisp/ros/towr_ros/msg/towr_ros-msg.asd)
Linked: (/home/rrqq/towr_workspace/devel/.private/towr_ros/share/roseus/ros/towr_ros/manifest.l, /home/rrqq/towr_workspace/devel/share/roseus/ros/towr_ros/manifest.l)
Linked: (/home/rrqq/towr_workspace/devel/.private/towr_ros/share/roseus/ros/towr_ros/msg/TowrCommand.l, /home/rrqq/towr_workspace/devel/share/roseus/ros/towr_ros/msg/TowrCommand.l)
Linked: (/home/rrqq/towr_workspace/devel/.private/towr_ros/share/towr_ros/cmake/towr_ros-msg-paths.cmake, /home/rrqq/towr_workspace/devel/share/towr_ros/cmake/towr_ros-msg-paths.cmake)
Linked: (/home/rrqq/towr_workspace/devel/.private/towr_ros/share/towr_ros/cmake/towr_rosConfig-version.cmake, /home/rrqq/towr_workspace/devel/share/towr_ros/cmake/towr_rosConfig-version.cmake)
Linked: (/home/rrqq/towr_workspace/devel/.private/towr_ros/share/towr_ros/cmake/towr_ros-msg-extras.cmake, /home/rrqq/towr_workspace/devel/share/towr_ros/cmake/towr_ros-msg-extras.cmake)
Linked: (/home/rrqq/towr_workspace/devel/.private/towr_ros/share/towr_ros/cmake/towr_rosConfig.cmake, /home/rrqq/towr_workspace/devel/share/towr_ros/cmake/towr_rosConfig.cmake)
Linked: (/home/rrqq/towr_workspace/devel/.private/towr_ros/share/gennodejs/ros/towr_ros/_index.js, /home/rrqq/towr_workspace/devel/share/gennodejs/ros/towr_ros/_index.js)
Linked: (/home/rrqq/towr_workspace/devel/.private/towr_ros/share/gennodejs/ros/towr_ros/msg/TowrCommand.js, /home/rrqq/towr_workspace/devel/share/gennodejs/ros/towr_ros/msg/TowrCommand.js)
Linked: (/home/rrqq/towr_workspace/devel/.private/towr_ros/share/gennodejs/ros/towr_ros/msg/_index.js, /home/rrqq/towr_workspace/devel/share/gennodejs/ros/towr_ros/msg/_index.js)
Linked: (/home/rrqq/towr_workspace/devel/.private/towr_ros/include/towr_ros/TowrCommand.h, /home/rrqq/towr_workspace/devel/include/towr_ros/TowrCommand.h)
