In file included from [01m[K/home/rrqq/towr_workspace/src/towr/towr_ros/src/towr_ros_interface.cc:30:0[m[K:
[01m[K/home/rrqq/towr_workspace/src/towr/towr_ros/include/towr_ros/towr_ros_interface.h:[m[K In member function ‘[01m[Kvoid towr::TowrRosInterface::GetGoal()[m[K’:
[01m[K/home/rrqq/towr_workspace/src/towr/towr_ros/include/towr_ros/towr_ros_interface.h:89:5:[m[K [01;31m[Kerror: [m[Kexpected primary-expression before ‘[01m[K}[m[K’ token
     [01;31m[K}[m[K
     [01;31m[K^[m[K
[01m[K/home/rrqq/towr_workspace/src/towr/towr_ros/include/towr_ros/towr_ros_interface.h:89:5:[m[K [01;31m[Kerror: [m[Kreturn-statement with a value, in function returning 'void' [[01;31m[K-fpermissive[m[K]
[01m[K/home/rrqq/towr_workspace/src/towr/towr_ros/include/towr_ros/towr_ros_interface.h:89:5:[m[K [01;31m[Kerror: [m[Kexpected ‘[01m[K;[m[K’ before ‘[01m[K}[m[K’ token
In file included from [01m[K/home/rrqq/towr_workspace/src/towr/towr_ros/src/towr_user_interface.cc:42:0[m[K:
[01m[K/home/rrqq/towr_workspace/src/towr/towr_ros/include/towr_ros/towr_ros_interface.h:[m[K In member function ‘[01m[Kvoid towr::TowrRosInterface::GetGoal()[m[K’:
[01m[K/home/rrqq/towr_workspace/src/towr/towr_ros/include/towr_ros/towr_ros_interface.h:89:5:[m[K [01;31m[Kerror: [m[Kexpected primary-expression before ‘[01m[K}[m[K’ token
     [01;31m[K}[m[K
     [01;31m[K^[m[K
[01m[K/home/rrqq/towr_workspace/src/towr/towr_ros/include/towr_ros/towr_ros_interface.h:89:5:[m[K [01;31m[Kerror: [m[Kreturn-statement with a value, in function returning 'void' [[01;31m[K-fpermissive[m[K]
[01m[K/home/rrqq/towr_workspace/src/towr/towr_ros/include/towr_ros/towr_ros_interface.h:89:5:[m[K [01;31m[Kerror: [m[Kexpected ‘[01m[K;[m[K’ before ‘[01m[K}[m[K’ token
[01m[K/home/rrqq/towr_workspace/src/towr/towr_ros/src/towr_user_interface.cc:[m[K In member function ‘[01m[Kvoid towr::TowrUserInterface::PublishCommand()[m[K’:
[01m[K/home/rrqq/towr_workspace/src/towr/towr_ros/src/towr_user_interface.cc:326:62:[m[K [01;31m[Kerror: [m[K‘[01m[Kgoal_pos_x[m[K’ was not declared in this scope
     printf("!!!!!!!!!! %lf, %lf, %lf, %lf, %lf, %lf, %lf\n", [01;31m[Kgoal_pos_x[m[K, goal_pos_y, goal_pos_z, goal_q_x, goal_q_y, goal_q_z, goal_q_w);
                                                              [01;31m[K^~~~~~~~~~[m[K
In file included from [01m[K/home/rrqq/towr_workspace/src/towr/towr_ros/src/goal_pose_publisher.cc:39:0[m[K:
[01m[K/home/rrqq/towr_workspace/src/towr/towr_ros/include/towr_ros/towr_ros_interface.h:[m[K In member function ‘[01m[Kvoid towr::TowrRosInterface::GetGoal()[m[K’:
[01m[K/home/rrqq/towr_workspace/src/towr/towr_ros/include/towr_ros/towr_ros_interface.h:89:5:[m[K [01;31m[Kerror: [m[Kexpected primary-expression before ‘[01m[K}[m[K’ token
     [01;31m[K}[m[K
     [01;31m[K^[m[K
[01m[K/home/rrqq/towr_workspace/src/towr/towr_ros/include/towr_ros/towr_ros_interface.h:89:5:[m[K [01;31m[Kerror: [m[Kreturn-statement with a value, in function returning 'void' [[01;31m[K-fpermissive[m[K]
[01m[K/home/rrqq/towr_workspace/src/towr/towr_ros/include/towr_ros/towr_ros_interface.h:89:5:[m[K [01;31m[Kerror: [m[Kexpected ‘[01m[K;[m[K’ before ‘[01m[K}[m[K’ token
[01m[K/home/rrqq/towr_workspace/src/towr/towr_ros/src/towr_user_interface.cc:326:62:[m[K [01;36m[Knote: [m[Ksuggested alternative: ‘[01m[Kgoal_geom_[m[K’
     printf("!!!!!!!!!! %lf, %lf, %lf, %lf, %lf, %lf, %lf\n", [01;36m[Kgoal_pos_x[m[K, goal_pos_y, goal_pos_z, goal_q_x, goal_q_y, goal_q_z, goal_q_w);
                                                              [01;36m[K^~~~~~~~~~[m[K
                                                              [32m[Kgoal_geom_[m[K
[01m[K/home/rrqq/towr_workspace/src/towr/towr_ros/src/towr_user_interface.cc:326:74:[m[K [01;31m[Kerror: [m[K‘[01m[Kgoal_pos_y[m[K’ was not declared in this scope
     printf("!!!!!!!!!! %lf, %lf, %lf, %lf, %lf, %lf, %lf\n", goal_pos_x, [01;31m[Kgoal_pos_y[m[K, goal_pos_z, goal_q_x, goal_q_y, goal_q_z, goal_q_w);
                                                                          [01;31m[K^~~~~~~~~~[m[K
[01m[K/home/rrqq/towr_workspace/src/towr/towr_ros/src/goal_pose_publisher.cc:[m[K In function ‘[01m[Kvoid towr::UserCommandCallback(const TowrCommand&)[m[K’:
[01m[K/home/rrqq/towr_workspace/src/towr/towr_ros/src/goal_pose_publisher.cc:85:5:[m[K [01;31m[Kerror: [m[K‘[01m[Kgoal_pos_x[m[K’ was not declared in this scope
     [01;31m[Kgoal_pos_x[m[K = goal_msg.pose.position.x;
     [01;31m[K^~~~~~~~~~[m[K
[01m[K/home/rrqq/towr_workspace/src/towr/towr_ros/src/towr_user_interface.cc:326:74:[m[K [01;36m[Knote: [m[Ksuggested alternative: ‘[01m[Kgoal_geom_[m[K’
     printf("!!!!!!!!!! %lf, %lf, %lf, %lf, %lf, %lf, %lf\n", goal_pos_x, [01;36m[Kgoal_pos_y[m[K, goal_pos_z, goal_q_x, goal_q_y, goal_q_z, goal_q_w);
                                                                          [01;36m[K^~~~~~~~~~[m[K
                                                                          [32m[Kgoal_geom_[m[K
[01m[K/home/rrqq/towr_workspace/src/towr/towr_ros/src/towr_user_interface.cc:326:86:[m[K [01;31m[Kerror: [m[K‘[01m[Kgoal_pos_z[m[K’ was not declared in this scope
     printf("!!!!!!!!!! %lf, %lf, %lf, %lf, %lf, %lf, %lf\n", goal_pos_x, goal_pos_y, [01;31m[Kgoal_pos_z[m[K, goal_q_x, goal_q_y, goal_q_z, goal_q_w);
                                                                                      [01;31m[K^~~~~~~~~~[m[K
[01m[K/home/rrqq/towr_workspace/src/towr/towr_ros/src/goal_pose_publisher.cc:85:5:[m[K [01;36m[Knote: [m[Ksuggested alternative: ‘[01m[Kgoal_msg[m[K’
     [01;36m[Kgoal_pos_x[m[K = goal_msg.pose.position.x;
     [01;36m[K^~~~~~~~~~[m[K
     [32m[Kgoal_msg[m[K
[01m[K/home/rrqq/towr_workspace/src/towr/towr_ros/src/goal_pose_publisher.cc:86:5:[m[K [01;31m[Kerror: [m[K‘[01m[Kgoal_pos_y[m[K’ was not declared in this scope
     [01;31m[Kgoal_pos_y[m[K = goal_msg.pose.position.y;
     [01;31m[K^~~~~~~~~~[m[K
[01m[K/home/rrqq/towr_workspace/src/towr/towr_ros/src/goal_pose_publisher.cc:86:5:[m[K [01;36m[Knote: [m[Ksuggested alternative: ‘[01m[Kgoal_msg[m[K’
     [01;36m[Kgoal_pos_y[m[K = goal_msg.pose.position.y;
     [01;36m[K^~~~~~~~~~[m[K
     [32m[Kgoal_msg[m[K
[01m[K/home/rrqq/towr_workspace/src/towr/towr_ros/src/goal_pose_publisher.cc:87:5:[m[K [01;31m[Kerror: [m[K‘[01m[Kgoal_pos_z[m[K’ was not declared in this scope
     [01;31m[Kgoal_pos_z[m[K = goal_msg.pose.position.z;
     [01;31m[K^~~~~~~~~~[m[K
[01m[K/home/rrqq/towr_workspace/src/towr/towr_ros/src/towr_user_interface.cc:326:86:[m[K [01;36m[Knote: [m[Ksuggested alternative: ‘[01m[Kgoal_geom_[m[K’
     printf("!!!!!!!!!! %lf, %lf, %lf, %lf, %lf, %lf, %lf\n", goal_pos_x, goal_pos_y, [01;36m[Kgoal_pos_z[m[K, goal_q_x, goal_q_y, goal_q_z, goal_q_w);
                                                                                      [01;36m[K^~~~~~~~~~[m[K
                                                                                      [32m[Kgoal_geom_[m[K
[01m[K/home/rrqq/towr_workspace/src/towr/towr_ros/src/towr_user_interface.cc:326:98:[m[K [01;31m[Kerror: [m[K‘[01m[Kgoal_q_x[m[K’ was not declared in this scope
     printf("!!!!!!!!!! %lf, %lf, %lf, %lf, %lf, %lf, %lf\n", goal_pos_x, goal_pos_y, goal_pos_z, [01;31m[Kgoal_q_x[m[K, goal_q_y, goal_q_z, goal_q_w);
                                                                                                  [01;31m[K^~~~~~~~[m[K
[01m[K/home/rrqq/towr_workspace/src/towr/towr_ros/src/goal_pose_publisher.cc:87:5:[m[K [01;36m[Knote: [m[Ksuggested alternative: ‘[01m[Kgoal_msg[m[K’
     [01;36m[Kgoal_pos_z[m[K = goal_msg.pose.position.z;
     [01;36m[K^~~~~~~~~~[m[K
     [32m[Kgoal_msg[m[K
[01m[K/home/rrqq/towr_workspace/src/towr/towr_ros/src/goal_pose_publisher.cc:88:5:[m[K [01;31m[Kerror: [m[K‘[01m[Kgoal_q_x[m[K’ was not declared in this scope
     [01;31m[Kgoal_q_x[m[K = q.x();
     [01;31m[K^~~~~~~~[m[K
[01m[K/home/rrqq/towr_workspace/src/towr/towr_ros/src/towr_user_interface.cc:326:98:[m[K [01;36m[Knote: [m[Ksuggested alternative: ‘[01m[Kgoal_geom_[m[K’
     printf("!!!!!!!!!! %lf, %lf, %lf, %lf, %lf, %lf, %lf\n", goal_pos_x, goal_pos_y, goal_pos_z, [01;36m[Kgoal_q_x[m[K, goal_q_y, goal_q_z, goal_q_w);
                                                                                                  [01;36m[K^~~~~~~~[m[K
                                                                                                  [32m[Kgoal_geom_[m[K
[01m[K/home/rrqq/towr_workspace/src/towr/towr_ros/src/towr_user_interface.cc:326:108:[m[K [01;31m[Kerror: [m[K‘[01m[Kgoal_q_y[m[K’ was not declared in this scope
     printf("!!!!!!!!!! %lf, %lf, %lf, %lf, %lf, %lf, %lf\n", goal_pos_x, goal_pos_y, goal_pos_z, goal_q_x, [01;31m[Kgoal_q_y[m[K, goal_q_z, goal_q_w);
                                                                                                            [01;31m[K^~~~~~~~[m[K
[01m[K/home/rrqq/towr_workspace/src/towr/towr_ros/src/goal_pose_publisher.cc:88:5:[m[K [01;36m[Knote: [m[Ksuggested alternative: ‘[01m[Kgoal_msg[m[K’
     [01;36m[Kgoal_q_x[m[K = q.x();
     [01;36m[K^~~~~~~~[m[K
     [32m[Kgoal_msg[m[K
[01m[K/home/rrqq/towr_workspace/src/towr/towr_ros/src/goal_pose_publisher.cc:89:5:[m[K [01;31m[Kerror: [m[K‘[01m[Kgoal_q_y[m[K’ was not declared in this scope
     [01;31m[Kgoal_q_y[m[K = q.y();
     [01;31m[K^~~~~~~~[m[K
[01m[K/home/rrqq/towr_workspace/src/towr/towr_ros/src/goal_pose_publisher.cc:89:5:[m[K [01;36m[Knote: [m[Ksuggested alternative: ‘[01m[Kgoal_msg[m[K’
     [01;36m[Kgoal_q_y[m[K = q.y();
     [01;36m[K^~~~~~~~[m[K
     [32m[Kgoal_msg[m[K
[01m[K/home/rrqq/towr_workspace/src/towr/towr_ros/src/goal_pose_publisher.cc:90:5:[m[K [01;31m[Kerror: [m[K‘[01m[Kgoal_q_z[m[K’ was not declared in this scope
     [01;31m[Kgoal_q_z[m[K = q.z();
     [01;31m[K^~~~~~~~[m[K
[01m[K/home/rrqq/towr_workspace/src/towr/towr_ros/src/goal_pose_publisher.cc:90:5:[m[K [01;36m[Knote: [m[Ksuggested alternative: ‘[01m[Kgoal_msg[m[K’
     [01;36m[Kgoal_q_z[m[K = q.z();
     [01;36m[K^~~~~~~~[m[K
     [32m[Kgoal_msg[m[K
[01m[K/home/rrqq/towr_workspace/src/towr/towr_ros/src/towr_user_interface.cc:326:108:[m[K [01;36m[Knote: [m[Ksuggested alternative: ‘[01m[Kgoal_geom_[m[K’
     printf("!!!!!!!!!! %lf, %lf, %lf, %lf, %lf, %lf, %lf\n", goal_pos_x, goal_pos_y, goal_pos_z, goal_q_x, [01;36m[Kgoal_q_y[m[K, goal_q_z, goal_q_w);
                                                                                                            [01;36m[K^~~~~~~~[m[K
                                                                                                            [32m[Kgoal_geom_[m[K
[01m[K/home/rrqq/towr_workspace/src/towr/towr_ros/src/towr_user_interface.cc:326:118:[m[K [01;31m[Kerror: [m[K‘[01m[Kgoal_q_z[m[K’ was not declared in this scope
     printf("!!!!!!!!!! %lf, %lf, %lf, %lf, %lf, %lf, %lf\n", goal_pos_x, goal_pos_y, goal_pos_z, goal_q_x, goal_q_y, [01;31m[Kgoal_q_z[m[K, goal_q_w);
                                                                                                                      [01;31m[K^~~~~~~~[m[K
[01m[K/home/rrqq/towr_workspace/src/towr/towr_ros/src/goal_pose_publisher.cc:91:5:[m[K [01;31m[Kerror: [m[K‘[01m[Kgoal_q_w[m[K’ was not declared in this scope
     [01;31m[Kgoal_q_w[m[K = q.w();
     [01;31m[K^~~~~~~~[m[K
[01m[K/home/rrqq/towr_workspace/src/towr/towr_ros/src/goal_pose_publisher.cc:91:5:[m[K [01;36m[Knote: [m[Ksuggested alternative: ‘[01m[Kgoal_msg[m[K’
     [01;36m[Kgoal_q_w[m[K = q.w();
     [01;36m[K^~~~~~~~[m[K
     [32m[Kgoal_msg[m[K
[01m[K/home/rrqq/towr_workspace/src/towr/towr_ros/src/towr_user_interface.cc:326:118:[m[K [01;36m[Knote: [m[Ksuggested alternative: ‘[01m[Kgoal_geom_[m[K’
     printf("!!!!!!!!!! %lf, %lf, %lf, %lf, %lf, %lf, %lf\n", goal_pos_x, goal_pos_y, goal_pos_z, goal_q_x, goal_q_y, [01;36m[Kgoal_q_z[m[K, goal_q_w);
                                                                                                                      [01;36m[K^~~~~~~~[m[K
                                                                                                                      [32m[Kgoal_geom_[m[K
[01m[K/home/rrqq/towr_workspace/src/towr/towr_ros/src/towr_user_interface.cc:326:128:[m[K [01;31m[Kerror: [m[K‘[01m[Kgoal_q_w[m[K’ was not declared in this scope
     printf("!!!!!!!!!! %lf, %lf, %lf, %lf, %lf, %lf, %lf\n", goal_pos_x, goal_pos_y, goal_pos_z, goal_q_x, goal_q_y, goal_q_z, [01;31m[Kgoal_q_w[m[K);
                                                                                                                                [01;31m[K^~~~~~~~[m[K
[01m[K/home/rrqq/towr_workspace/src/towr/towr_ros/src/towr_user_interface.cc:326:128:[m[K [01;36m[Knote: [m[Ksuggested alternative: ‘[01m[Kgoal_geom_[m[K’
     printf("!!!!!!!!!! %lf, %lf, %lf, %lf, %lf, %lf, %lf\n", goal_pos_x, goal_pos_y, goal_pos_z, goal_q_x, goal_q_y, goal_q_z, [01;36m[Kgoal_q_w[m[K);
                                                                                                                                [01;36m[K^~~~~~~~[m[K
                                                                                                                                [32m[Kgoal_geom_[m[K
[01m[K/home/rrqq/towr_workspace/src/towr/towr_ros/src/towr_user_interface.cc:[m[K In function ‘[01m[Kint main(int, char**)[m[K’:
[01m[K/home/rrqq/towr_workspace/src/towr/towr_ros/src/towr_user_interface.cc:365:73:[m[K [01;31m[Kerror: [m[K‘[01m[Kgoal_pos_x[m[K’ was not declared in this scope
         printf("++++++++++++++++++%lf, %lf, %lf, %lf, %lf, %lf, %lf\n", [01;31m[Kgoal_pos_x[m[K, goal_pos_y, goal_pos_z, goal_q_x, goal_q_y, goal_q_z, goal_q_w);
                                                                         [01;31m[K^~~~~~~~~~[m[K
[01m[K/home/rrqq/towr_workspace/src/towr/towr_ros/src/towr_user_interface.cc:365:85:[m[K [01;31m[Kerror: [m[K‘[01m[Kgoal_pos_y[m[K’ was not declared in this scope
         printf("++++++++++++++++++%lf, %lf, %lf, %lf, %lf, %lf, %lf\n", goal_pos_x, [01;31m[Kgoal_pos_y[m[K, goal_pos_z, goal_q_x, goal_q_y, goal_q_z, goal_q_w);
                                                                                     [01;31m[K^~~~~~~~~~[m[K
[01m[K/home/rrqq/towr_workspace/src/towr/towr_ros/src/towr_user_interface.cc:365:97:[m[K [01;31m[Kerror: [m[K‘[01m[Kgoal_pos_z[m[K’ was not declared in this scope
         printf("++++++++++++++++++%lf, %lf, %lf, %lf, %lf, %lf, %lf\n", goal_pos_x, goal_pos_y, [01;31m[Kgoal_pos_z[m[K, goal_q_x, goal_q_y, goal_q_z, goal_q_w);
                                                                                                 [01;31m[K^~~~~~~~~~[m[K
[01m[K/home/rrqq/towr_workspace/src/towr/towr_ros/src/towr_user_interface.cc:365:109:[m[K [01;31m[Kerror: [m[K‘[01m[Kgoal_q_x[m[K’ was not declared in this scope
         printf("++++++++++++++++++%lf, %lf, %lf, %lf, %lf, %lf, %lf\n", goal_pos_x, goal_pos_y, goal_pos_z, [01;31m[Kgoal_q_x[m[K, goal_q_y, goal_q_z, goal_q_w);
                                                                                                             [01;31m[K^~~~~~~~[m[K
[01m[K/home/rrqq/towr_workspace/src/towr/towr_ros/src/towr_user_interface.cc:365:119:[m[K [01;31m[Kerror: [m[K‘[01m[Kgoal_q_y[m[K’ was not declared in this scope
         printf("++++++++++++++++++%lf, %lf, %lf, %lf, %lf, %lf, %lf\n", goal_pos_x, goal_pos_y, goal_pos_z, goal_q_x, [01;31m[Kgoal_q_y[m[K, goal_q_z, goal_q_w);
                                                                                                                       [01;31m[K^~~~~~~~[m[K
[01m[K/home/rrqq/towr_workspace/src/towr/towr_ros/src/towr_user_interface.cc:365:129:[m[K [01;31m[Kerror: [m[K‘[01m[Kgoal_q_z[m[K’ was not declared in this scope
         printf("++++++++++++++++++%lf, %lf, %lf, %lf, %lf, %lf, %lf\n", goal_pos_x, goal_pos_y, goal_pos_z, goal_q_x, goal_q_y, [01;31m[Kgoal_q_z[m[K, goal_q_w);
                                                                                                                                 [01;31m[K^~~~~~~~[m[K
[01m[K/home/rrqq/towr_workspace/src/towr/towr_ros/src/towr_user_interface.cc:365:139:[m[K [01;31m[Kerror: [m[K‘[01m[Kgoal_q_w[m[K’ was not declared in this scope
         printf("++++++++++++++++++%lf, %lf, %lf, %lf, %lf, %lf, %lf\n", goal_pos_x, goal_pos_y, goal_pos_z, goal_q_x, goal_q_y, goal_q_z, [01;31m[Kgoal_q_w[m[K);
                                                                                                                                           [01;31m[K^~~~~~~~[m[K
make[2]: *** [CMakeFiles/towr_user_interface.dir/src/towr_user_interface.cc.o] Error 1
make[1]: *** [CMakeFiles/towr_user_interface.dir/all] Error 2
make[1]: *** Waiting for unfinished jobs....
make[2]: *** [CMakeFiles/towr_ros.dir/src/goal_pose_publisher.cc.o] Error 1
make[2]: *** Waiting for unfinished jobs....
make[2]: *** [CMakeFiles/towr_ros.dir/src/towr_ros_interface.cc.o] Error 1
make[1]: *** [CMakeFiles/towr_ros.dir/all] Error 2
make: *** [all] Error 2
