[01m[K/home/rrqq/towr_workspace/src/towr/towr_ros/src/towr_user_interface.cc:[m[K In function ‘[01m[Kint main(int, char**)[m[K’:
[01m[K/home/rrqq/towr_workspace/src/towr/towr_ros/src/towr_user_interface.cc:599:9:[m[K [01;31m[Kerror: [m[K‘[01m[Kterrain_id[m[K’ was not declared in this scope
         [01;31m[Kterrain_id[m[K = static_cast<towr::HeightMap::TerrainID>(terrain);
         [01;31m[K^~~~~~~~~~[m[K
[01m[K/home/rrqq/towr_workspace/src/towr/towr_ros/src/towr_user_interface.cc:599:9:[m[K [01;36m[Knote: [m[Ksuggested alternative: ‘[01m[Kterrain[m[K’
         [01;36m[Kterrain_id[m[K = static_cast<towr::HeightMap::TerrainID>(terrain);
         [01;36m[K^~~~~~~~~~[m[K
         [32m[Kterrain[m[K
[01m[K/home/rrqq/towr_workspace/src/towr/towr_ros/src/towr_user_interface.cc:600:9:[m[K [01;31m[Kerror: [m[K‘[01m[KHeightMap[m[K’ has not been declared
         [01;31m[KHeightMap[m[K::Ptr Terrain = towr::HeightMap::MakeTerrain(terrain_id);
         [01;31m[K^~~~~~~~~[m[K
[01m[K/home/rrqq/towr_workspace/src/towr/towr_ros/src/towr_user_interface.cc:608:52:[m[K [01;31m[Kerror: [m[K‘[01m[KTerrain[m[K’ was not declared in this scope
         towr::goal_publisher.SetGoal(pos_x, pos_y, [01;31m[KTerrain[m[K->GetHeight(pos_x, pos_y),
                                                    [01;31m[K^~~~~~~[m[K
[01m[K/home/rrqq/towr_workspace/src/towr/towr_ros/src/towr_user_interface.cc:608:52:[m[K [01;36m[Knote: [m[Ksuggested alternative: ‘[01m[Kterrain[m[K’
         towr::goal_publisher.SetGoal(pos_x, pos_y, [01;36m[KTerrain[m[K->GetHeight(pos_x, pos_y),
                                                    [01;36m[K^~~~~~~[m[K
                                                    [32m[Kterrain[m[K
make[2]: *** [CMakeFiles/towr_user_interface.dir/src/towr_user_interface.cc.o] Error 1
make[1]: *** [CMakeFiles/towr_user_interface.dir/all] Error 2
make: *** [all] Error 2
