Performing C SOURCE FILE Test CMAKE_HAVE_LIBC_PTHREAD failed with the following output:
Change Dir: /home/rrqq/towr_workspace/build/towr_ros/CMakeFiles/CMakeTmp

Run Build Command(s):/usr/bin/make -f Makefile cmTC_524ab/fast && /usr/bin/make  -f CMakeFiles/cmTC_524ab.dir/build.make CMakeFiles/cmTC_524ab.dir/build
make[1]: Entering directory '/home/rrqq/towr_workspace/build/towr_ros/CMakeFiles/CMakeTmp'
Building C object CMakeFiles/cmTC_524ab.dir/src.c.o
/usr/bin/cc -DCMAKE_HAVE_LIBC_PTHREAD   -o CMakeFiles/cmTC_524ab.dir/src.c.o -c /home/rrqq/towr_workspace/build/towr_ros/CMakeFiles/CMakeTmp/src.c
Linking C executable cmTC_524ab
/opt/cmake-3.21.4/bin/cmake -E cmake_link_script CMakeFiles/cmTC_524ab.dir/link.txt --verbose=1
/usr/bin/cc -rdynamic CMakeFiles/cmTC_524ab.dir/src.c.o -o cmTC_524ab 
CMakeFiles/cmTC_524ab.dir/src.c.o: In function `main':
src.c:(.text+0x3e): undefined reference to `pthread_create'
src.c:(.text+0x4a): undefined reference to `pthread_detach'
src.c:(.text+0x56): undefined reference to `pthread_cancel'
src.c:(.text+0x67): undefined reference to `pthread_join'
src.c:(.text+0x7b): undefined reference to `pthread_atfork'
collect2: error: ld returned 1 exit status
CMakeFiles/cmTC_524ab.dir/build.make:98: recipe for target 'cmTC_524ab' failed
make[1]: *** [cmTC_524ab] Error 1
make[1]: Leaving directory '/home/rrqq/towr_workspace/build/towr_ros/CMakeFiles/CMakeTmp'
Makefile:127: recipe for target 'cmTC_524ab/fast' failed
make: *** [cmTC_524ab/fast] Error 2


Source file was:
#include <pthread.h>

static void* test_func(void* data)
{
  return data;
}

int main(void)
{
  pthread_t thread;
  pthread_create(&thread, NULL, test_func, NULL);
  pthread_detach(thread);
  pthread_cancel(thread);
  pthread_join(thread, NULL);
  pthread_atfork(NULL, NULL, NULL);
  pthread_exit(NULL);

  return 0;
}

Determining if the function pthread_create exists in the pthreads failed with the following output:
Change Dir: /home/rrqq/towr_workspace/build/towr_ros/CMakeFiles/CMakeTmp

Run Build Command(s):/usr/bin/make -f Makefile cmTC_92f48/fast && /usr/bin/make  -f CMakeFiles/cmTC_92f48.dir/build.make CMakeFiles/cmTC_92f48.dir/build
make[1]: Entering directory '/home/rrqq/towr_workspace/build/towr_ros/CMakeFiles/CMakeTmp'
Building C object CMakeFiles/cmTC_92f48.dir/CheckFunctionExists.c.o
/usr/bin/cc   -DCHECK_FUNCTION_EXISTS=pthread_create -o CMakeFiles/cmTC_92f48.dir/CheckFunctionExists.c.o -c /opt/cmake-3.21.4/share/cmake-3.21/Modules/CheckFunctionExists.c
Linking C executable cmTC_92f48
/opt/cmake-3.21.4/bin/cmake -E cmake_link_script CMakeFiles/cmTC_92f48.dir/link.txt --verbose=1
/usr/bin/cc  -DCHECK_FUNCTION_EXISTS=pthread_create -rdynamic CMakeFiles/cmTC_92f48.dir/CheckFunctionExists.c.o -o cmTC_92f48  -lpthreads 
/usr/bin/ld: cannot find -lpthreads
collect2: error: ld returned 1 exit status
CMakeFiles/cmTC_92f48.dir/build.make:98: recipe for target 'cmTC_92f48' failed
make[1]: *** [cmTC_92f48] Error 1
make[1]: Leaving directory '/home/rrqq/towr_workspace/build/towr_ros/CMakeFiles/CMakeTmp'
Makefile:127: recipe for target 'cmTC_92f48/fast' failed
make: *** [cmTC_92f48/fast] Error 2



