[01m[K/home/rrqq/towr_workspace/src/towr/towr/src/height_map_examples.cc:[m[K In member function ‘[01m[Kvirtual double towr::Stair::GetHeight(double, double) const[m[K’:
[01m[K/home/rrqq/towr_workspace/src/towr/towr/src/height_map_examples.cc:278:19:[m[K [01;31m[Kerror: [m[Kexpected ‘[01m[K)[m[K’ before ‘[01m[K~[m[K’ token
             if (j [01;31m[K~[m[K= 0) && (j*stair_width <= y && y <=j*stair_width+eps_){
                   [01;31m[K^[m[K
[01m[K/home/rrqq/towr_workspace/src/towr/towr/src/height_map_examples.cc:278:28:[m[K [01;31m[Kerror: [m[Kexpected identifier before ‘[01m[K([m[K’ token
             if (j ~= 0) && [01;31m[K([m[Kj*stair_width <= y && y <=j*stair_width+eps_){
                            [01;31m[K^[m[K
[01m[K/home/rrqq/towr_workspace/src/towr/towr/src/height_map_examples.cc:284:16:[m[K [01;31m[Kerror: [m[Kexpected identifier before ‘[01m[K([m[K’ token
                [01;31m[K([m[Kj*stair_width+eps_ <= y && y <= (j+1)*stair_width){
                [01;31m[K^[m[K
[01m[K/home/rrqq/towr_workspace/src/towr/towr/src/height_map_examples.cc:[m[K In member function ‘[01m[Kvirtual double towr::Stair::GetHeightDerivWrtX(double, double) const[m[K’:
[01m[K/home/rrqq/towr_workspace/src/towr/towr/src/height_map_examples.cc:301:27:[m[K [01;31m[Kerror: [m[K‘[01m[Kj[m[K’ was not declared in this scope
                 dzdx = (i+[01;31m[Kj[m[K+1)*stair_height/eps_;
                           [01;31m[K^[m[K
[01m[K/home/rrqq/towr_workspace/src/towr/towr/src/height_map_examples.cc:[m[K In member function ‘[01m[Kvirtual double towr::Stair::GetHeightDerivWrtY(double, double) const[m[K’:
[01m[K/home/rrqq/towr_workspace/src/towr/towr/src/height_map_examples.cc:322:15:[m[K [01;31m[Kerror: [m[Kexpected ‘[01m[K)[m[K’ before ‘[01m[K~[m[K’ token
         if (j [01;31m[K~[m[K= 0) && (j*stair_width <= y && y <=j*stair_width+eps_){
               [01;31m[K^[m[K
[01m[K/home/rrqq/towr_workspace/src/towr/towr/src/height_map_examples.cc:322:24:[m[K [01;31m[Kerror: [m[Kexpected identifier before ‘[01m[K([m[K’ token
         if (j ~= 0) && [01;31m[K([m[Kj*stair_width <= y && y <=j*stair_width+eps_){
                        [01;31m[K^[m[K
make[2]: *** [CMakeFiles/towr.dir/src/height_map_examples.cc.o] Error 1
make[2]: *** Waiting for unfinished jobs....
make[1]: *** [CMakeFiles/towr.dir/all] Error 2
make: *** [all] Error 2
